{
"contracts/MetaNode.sol":{"l":{"9":2},"path":"/Users/showmac/Desktop/personal/liyanyan/MetaNodeStake/MetaNodeStake/stake-contract/contracts/MetaNode.sol","s":{"1":2},"b":{},"f":{"1":2},"fnMap":{"1":{"name":"constructor","line":7,"loc":{"start":{"line":7,"column":4},"end":{"line":10,"column":4}}}},"statementMap":{"1":{"start":{"line":9,"column":9},"end":{"line":9,"column":61}}},"branchMap":{}},
"contracts/MetaNodeStake.sol":{"l":{"174":25,"175":25,"179":0,"180":0,"184":6,"185":6,"198":1,"203":1,"204":1,"205":1,"206":1,"208":1,"210":1,"211":1,"212":1,"225":2,"227":2,"234":1,"236":1,"238":1,"245":1,"247":1,"249":1,"256":1,"258":1,"260":1,"267":1,"269":1,"271":1,"278":1,"283":1,"285":1,"292":1,"297":1,"299":1,"308":0,"310":0,"312":0,"328":2,"329":1,"334":1,"341":2,"342":2,"344":2,"345":0,"348":2,"351":2,"353":2,"365":2,"383":1,"384":1,"386":1,"398":1,"400":1,"401":1,"404":1,"405":1,"407":1,"416":2,"430":11,"431":11,"432":1,"434":11,"435":0,"437":11,"438":11,"439":11,"440":11,"450":0,"461":0,"462":0,"463":0,"464":0,"466":0,"467":0,"471":0,"473":0,"479":0,"493":6,"508":0,"510":0,"511":0,"512":0,"516":0,"527":10,"529":10,"530":0,"533":10,"537":10,"539":10,"540":10,"542":10,"543":10,"544":6,"547":6,"549":6,"550":6,"552":6,"555":6,"556":6,"559":10,"561":10,"568":2,"569":2,"570":4,"579":3,"580":3,"585":3,"586":3,"591":2,"605":1,"606":1,"607":1,"612":1,"614":1,"621":1,"635":3,"636":3,"638":3,"640":3,"642":3,"646":3,"647":2,"650":3,"651":3,"652":3,"660":3,"661":3,"665":3,"677":3,"678":3,"680":3,"681":3,"682":3,"683":3,"684":0,"686":3,"687":3,"690":3,"691":0,"694":3,"695":3,"698":3,"699":3,"700":2,"702":1,"709":3,"721":0,"722":0,"724":0,"726":0,"731":0,"732":0,"733":0,"736":0,"740":0,"753":3,"754":3,"756":3,"758":3,"760":0,"763":0,"764":0,"765":0,"767":0,"770":0,"772":0,"773":0,"776":0,"777":0,"781":3,"782":3,"783":3,"784":3,"787":3,"790":3,"791":3,"794":3,"797":3,"799":3,"800":3,"802":3,"804":3,"814":0,"816":0,"817":0,"819":0,"830":2,"834":2,"835":2,"836":0},"path":"/Users/showmac/Desktop/personal/liyanyan/MetaNodeStake/MetaNodeStake/stake-contract/contracts/MetaNodeStake.sol","s":{"1":25,"2":0,"3":6,"4":1,"5":1,"6":1,"7":1,"8":1,"9":1,"10":2,"11":1,"12":1,"13":1,"14":1,"15":1,"16":1,"17":1,"18":1,"19":1,"20":1,"21":1,"22":1,"23":0,"24":0,"25":2,"26":1,"27":1,"28":2,"29":2,"30":2,"31":0,"32":2,"33":2,"34":2,"35":1,"36":1,"37":1,"38":1,"39":1,"40":2,"41":11,"42":11,"43":11,"44":11,"45":11,"46":11,"47":0,"48":0,"49":0,"50":0,"51":0,"52":0,"53":0,"54":0,"55":0,"56":6,"57":0,"58":0,"59":0,"60":10,"61":10,"62":0,"63":10,"64":10,"65":10,"66":10,"67":10,"68":6,"69":6,"70":6,"71":6,"72":6,"73":10,"74":2,"75":2,"76":4,"77":3,"78":3,"79":3,"80":3,"81":2,"82":1,"83":1,"84":1,"85":1,"86":1,"87":1,"88":3,"89":3,"90":3,"91":3,"92":3,"93":3,"94":3,"95":3,"96":3,"97":3,"98":3,"99":3,"100":3,"101":3,"102":3,"103":3,"104":3,"105":3,"106":3,"107":3,"108":2,"109":1,"110":3,"111":0,"112":0,"113":0,"114":0,"115":0,"116":0,"117":0,"118":3,"119":3,"120":3,"121":3,"122":0,"123":0,"124":0,"125":0,"126":0,"127":0,"128":0,"129":0,"130":3,"131":3,"132":3,"133":3,"134":3,"135":3,"136":3,"137":3,"138":3,"139":0,"140":0,"141":0,"142":0,"143":2,"144":2,"145":2,"146":0},"b":{"1":[25,0],"2":[0,0],"3":[6,0],"4":[1,0],"5":[1,0],"6":[0,0],"7":[2,0],"8":[1,0],"9":[1,0],"10":[1,0],"11":[1,0],"12":[1,0],"13":[1,0],"14":[1,0],"15":[1,0],"16":[1,0],"17":[1,0],"18":[1,0],"19":[1,0],"20":[0,0],"21":[0,0],"22":[2,0],"23":[1,1],"24":[1,0],"25":[1,0],"26":[2,0],"27":[2,0],"28":[0,2],"29":[2,0],"30":[1,0],"31":[1,0],"32":[1,0],"33":[1,0],"34":[1,0],"35":[1,0],"36":[11,0],"37":[1,10],"38":[0,11],"39":[11,0],"40":[11,0],"41":[0,0],"42":[0,0],"43":[0,0],"44":[6,0],"45":[0,0],"46":[0,0],"47":[10,0],"48":[0,10],"49":[10,0],"50":[10,0],"51":[6,4],"52":[6,0],"53":[6,0],"54":[6,0],"55":[3,0],"56":[3,0],"57":[2,1],"58":[1,0],"59":[1,0],"60":[1,0],"61":[1,0],"62":[1,0],"63":[3,0],"64":[3,0],"65":[3,0],"66":[3,0],"67":[2,1],"68":[3,0],"69":[3,0],"70":[3,0],"71":[3,0],"72":[0,3],"73":[3,0],"74":[2,1],"75":[0,0],"76":[0,0],"77":[0,0],"78":[0,0],"79":[0,3],"80":[0,0],"81":[0,0],"82":[0,0],"83":[0,0],"84":[0,0],"85":[3,0],"86":[3,0],"87":[3,0],"88":[3,0],"89":[3,0],"90":[0,0],"91":[2,0],"92":[0,2],"93":[0,0]},"f":{"1":25,"2":0,"3":6,"4":1,"5":0,"6":2,"7":1,"8":1,"9":1,"10":1,"11":1,"12":1,"13":0,"14":2,"15":1,"16":1,"17":2,"18":11,"19":0,"20":0,"21":6,"22":0,"23":10,"24":2,"25":3,"26":1,"27":3,"28":3,"29":0,"30":3,"31":0,"32":2},"fnMap":{"1":{"name":"checkPid","line":173,"loc":{"start":{"line":173,"column":4},"end":{"line":176,"column":4}}},"2":{"name":"whenNotClaimPaused","line":178,"loc":{"start":{"line":178,"column":4},"end":{"line":181,"column":4}}},"3":{"name":"whenNotWithdrawPaused","line":183,"loc":{"start":{"line":183,"column":4},"end":{"line":186,"column":4}}},"4":{"name":"initialize","line":197,"loc":{"start":{"line":192,"column":4},"end":{"line":213,"column":4}}},"5":{"name":"_authorizeUpgrade","line":217,"loc":{"start":{"line":215,"column":4},"end":{"line":217,"column":48}}},"6":{"name":"setMetaNode","line":224,"loc":{"start":{"line":224,"column":4},"end":{"line":228,"column":4}}},"7":{"name":"pauseWithdraw","line":233,"loc":{"start":{"line":233,"column":4},"end":{"line":239,"column":4}}},"8":{"name":"unpauseWithdraw","line":244,"loc":{"start":{"line":244,"column":4},"end":{"line":250,"column":4}}},"9":{"name":"pauseClaim","line":255,"loc":{"start":{"line":255,"column":4},"end":{"line":261,"column":4}}},"10":{"name":"unpauseClaim","line":266,"loc":{"start":{"line":266,"column":4},"end":{"line":272,"column":4}}},"11":{"name":"setStartBlock","line":277,"loc":{"start":{"line":277,"column":4},"end":{"line":286,"column":4}}},"12":{"name":"setEndBlock","line":291,"loc":{"start":{"line":291,"column":4},"end":{"line":300,"column":4}}},"13":{"name":"setMetaNodePerBlock","line":307,"loc":{"start":{"line":305,"column":4},"end":{"line":313,"column":4}}},"14":{"name":"addPool","line":326,"loc":{"start":{"line":320,"column":4},"end":{"line":372,"column":4}}},"15":{"name":"updatePool","line":382,"loc":{"start":{"line":378,"column":4},"end":{"line":387,"column":4}}},"16":{"name":"setPoolWeight","line":397,"loc":{"start":{"line":393,"column":4},"end":{"line":408,"column":4}}},"17":{"name":"poolLength","line":415,"loc":{"start":{"line":415,"column":4},"end":{"line":417,"column":4}}},"18":{"name":"getMultiplier","line":426,"loc":{"start":{"line":426,"column":4},"end":{"line":441,"column":4}}},"19":{"name":"pendingMetaNode","line":449,"loc":{"start":{"line":446,"column":4},"end":{"line":451,"column":4}}},"20":{"name":"pendingMetaNodeByBlockNumber","line":460,"loc":{"start":{"line":456,"column":4},"end":{"line":484,"column":4}}},"21":{"name":"stakingBalance","line":492,"loc":{"start":{"line":489,"column":4},"end":{"line":494,"column":4}}},"22":{"name":"withdrawAmount","line":505,"loc":{"start":{"line":499,"column":4},"end":{"line":518,"column":4}}},"23":{"name":"updatePool","line":526,"loc":{"start":{"line":526,"column":4},"end":{"line":562,"column":4}}},"24":{"name":"massUpdatePools","line":567,"loc":{"start":{"line":567,"column":4},"end":{"line":572,"column":4}}},"25":{"name":"depositETH","line":578,"loc":{"start":{"line":578,"column":4},"end":{"line":592,"column":4}}},"26":{"name":"deposit","line":604,"loc":{"start":{"line":601,"column":4},"end":{"line":622,"column":4}}},"27":{"name":"unstake","line":634,"loc":{"start":{"line":631,"column":4},"end":{"line":666,"column":4}}},"28":{"name":"withdraw","line":676,"loc":{"start":{"line":674,"column":4},"end":{"line":710,"column":4}}},"29":{"name":"claim","line":720,"loc":{"start":{"line":718,"column":4},"end":{"line":741,"column":4}}},"30":{"name":"_deposit","line":752,"loc":{"start":{"line":752,"column":4},"end":{"line":805,"column":4}}},"31":{"name":"_safeMetaNodeTransfer","line":813,"loc":{"start":{"line":813,"column":4},"end":{"line":821,"column":4}}},"32":{"name":"_safeETHTransfer","line":829,"loc":{"start":{"line":829,"column":4},"end":{"line":841,"column":4}}}},"statementMap":{"1":{"start":{"line":174,"column":8},"end":{"line":174,"column":49}},"2":{"start":{"line":179,"column":8},"end":{"line":179,"column":47}},"3":{"start":{"line":184,"column":8},"end":{"line":184,"column":53}},"4":{"start":{"line":198,"column":8},"end":{"line":198,"column":5714}},"5":{"start":{"line":203,"column":8},"end":{"line":203,"column":29}},"6":{"start":{"line":204,"column":8},"end":{"line":204,"column":49}},"7":{"start":{"line":205,"column":8},"end":{"line":205,"column":43}},"8":{"start":{"line":206,"column":8},"end":{"line":206,"column":41}},"9":{"start":{"line":208,"column":8},"end":{"line":208,"column":29}},"10":{"start":{"line":227,"column":8},"end":{"line":227,"column":34}},"11":{"start":{"line":234,"column":8},"end":{"line":234,"column":67}},"12":{"start":{"line":238,"column":8},"end":{"line":238,"column":28}},"13":{"start":{"line":245,"column":8},"end":{"line":245,"column":68}},"14":{"start":{"line":249,"column":8},"end":{"line":249,"column":30}},"15":{"start":{"line":256,"column":8},"end":{"line":256,"column":61}},"16":{"start":{"line":260,"column":8},"end":{"line":260,"column":25}},"17":{"start":{"line":267,"column":8},"end":{"line":267,"column":62}},"18":{"start":{"line":271,"column":8},"end":{"line":271,"column":27}},"19":{"start":{"line":278,"column":8},"end":{"line":278,"column":7862}},"20":{"start":{"line":285,"column":8},"end":{"line":285,"column":39}},"21":{"start":{"line":292,"column":8},"end":{"line":292,"column":8228}},"22":{"start":{"line":299,"column":8},"end":{"line":299,"column":35}},"23":{"start":{"line":308,"column":8},"end":{"line":308,"column":58}},"24":{"start":{"line":312,"column":8},"end":{"line":312,"column":51}},"25":{"start":{"line":328,"column":8},"end":{"line":328,"column":9348}},"26":{"start":{"line":329,"column":12},"end":{"line":329,"column":9387}},"27":{"start":{"line":334,"column":12},"end":{"line":334,"column":9537}},"28":{"start":{"line":341,"column":8},"end":{"line":341,"column":74}},"29":{"start":{"line":342,"column":8},"end":{"line":342,"column":56}},"30":{"start":{"line":344,"column":8},"end":{"line":344,"column":9932}},"31":{"start":{"line":345,"column":12},"end":{"line":345,"column":28}},"32":{"start":{"line":348,"column":8},"end":{"line":348,"column":10017}},"33":{"start":{"line":353,"column":8},"end":{"line":353,"column":10172}},"34":{"start":{"line":365,"column":8},"end":{"line":365,"column":10560}},"35":{"start":{"line":386,"column":8},"end":{"line":386,"column":74}},"36":{"start":{"line":398,"column":8},"end":{"line":398,"column":54}},"37":{"start":{"line":400,"column":8},"end":{"line":400,"column":11591}},"38":{"start":{"line":401,"column":12},"end":{"line":401,"column":28}},"39":{"start":{"line":407,"column":8},"end":{"line":407,"column":62}},"40":{"start":{"line":416,"column":8},"end":{"line":416,"column":26}},"41":{"start":{"line":430,"column":8},"end":{"line":430,"column":45}},"42":{"start":{"line":431,"column":8},"end":{"line":431,"column":12575}},"43":{"start":{"line":434,"column":8},"end":{"line":434,"column":12651}},"44":{"start":{"line":437,"column":8},"end":{"line":437,"column":74}},"45":{"start":{"line":438,"column":8},"end":{"line":438,"column":20}},"46":{"start":{"line":440,"column":8},"end":{"line":440,"column":46}},"47":{"start":{"line":450,"column":8},"end":{"line":450,"column":70}},"48":{"start":{"line":461,"column":8},"end":{"line":461,"column":39}},"49":{"start":{"line":462,"column":8},"end":{"line":462,"column":46}},"50":{"start":{"line":463,"column":8},"end":{"line":463,"column":57}},"51":{"start":{"line":464,"column":8},"end":{"line":464,"column":46}},"52":{"start":{"line":466,"column":8},"end":{"line":466,"column":13687}},"53":{"start":{"line":467,"column":12},"end":{"line":467,"column":13765}},"54":{"start":{"line":471,"column":12},"end":{"line":471,"column":13914}},"55":{"start":{"line":479,"column":8},"end":{"line":479,"column":14168}},"56":{"start":{"line":493,"column":8},"end":{"line":493,"column":41}},"57":{"start":{"line":508,"column":8},"end":{"line":508,"column":46}},"58":{"start":{"line":510,"column":8},"end":{"line":510,"column":14936}},"59":{"start":{"line":511,"column":12},"end":{"line":511,"column":15006}},"60":{"start":{"line":527,"column":8},"end":{"line":527,"column":39}},"61":{"start":{"line":529,"column":8},"end":{"line":529,"column":15652}},"62":{"start":{"line":530,"column":12},"end":{"line":530,"column":18}},"63":{"start":{"line":533,"column":8},"end":{"line":533,"column":15762}},"64":{"start":{"line":537,"column":8},"end":{"line":537,"column":36}},"65":{"start":{"line":540,"column":8},"end":{"line":540,"column":36}},"66":{"start":{"line":542,"column":8},"end":{"line":542,"column":46}},"67":{"start":{"line":543,"column":8},"end":{"line":543,"column":16099}},"68":{"start":{"line":544,"column":12},"end":{"line":544,"column":16136}},"69":{"start":{"line":547,"column":12},"end":{"line":547,"column":40}},"70":{"start":{"line":550,"column":12},"end":{"line":550,"column":40}},"71":{"start":{"line":552,"column":12},"end":{"line":552,"column":16439}},"72":{"start":{"line":555,"column":12},"end":{"line":555,"column":40}},"73":{"start":{"line":561,"column":8},"end":{"line":561,"column":67}},"74":{"start":{"line":568,"column":8},"end":{"line":568,"column":36}},"75":{"start":{"line":569,"column":8},"end":{"line":569,"column":16949}},"76":{"start":{"line":570,"column":12},"end":{"line":570,"column":26}},"77":{"start":{"line":579,"column":8},"end":{"line":579,"column":42}},"78":{"start":{"line":580,"column":8},"end":{"line":580,"column":17239}},"79":{"start":{"line":585,"column":8},"end":{"line":585,"column":35}},"80":{"start":{"line":586,"column":8},"end":{"line":586,"column":17399}},"81":{"start":{"line":591,"column":8},"end":{"line":591,"column":33}},"82":{"start":{"line":605,"column":8},"end":{"line":605,"column":60}},"83":{"start":{"line":606,"column":8},"end":{"line":606,"column":39}},"84":{"start":{"line":607,"column":8},"end":{"line":607,"column":18094}},"85":{"start":{"line":612,"column":8},"end":{"line":612,"column":18211}},"86":{"start":{"line":614,"column":12},"end":{"line":614,"column":18278}},"87":{"start":{"line":621,"column":8},"end":{"line":621,"column":30}},"88":{"start":{"line":635,"column":8},"end":{"line":635,"column":39}},"89":{"start":{"line":636,"column":8},"end":{"line":636,"column":51}},"90":{"start":{"line":638,"column":8},"end":{"line":638,"column":77}},"91":{"start":{"line":640,"column":8},"end":{"line":640,"column":23}},"92":{"start":{"line":642,"column":8},"end":{"line":642,"column":19062}},"93":{"start":{"line":646,"column":8},"end":{"line":646,"column":19176}},"94":{"start":{"line":650,"column":8},"end":{"line":650,"column":19301}},"95":{"start":{"line":652,"column":12},"end":{"line":652,"column":19391}},"96":{"start":{"line":665,"column":8},"end":{"line":665,"column":54}},"97":{"start":{"line":677,"column":8},"end":{"line":677,"column":39}},"98":{"start":{"line":678,"column":8},"end":{"line":678,"column":51}},"99":{"start":{"line":680,"column":8},"end":{"line":680,"column":32}},"100":{"start":{"line":681,"column":8},"end":{"line":681,"column":23}},"101":{"start":{"line":682,"column":8},"end":{"line":682,"column":20260}},"102":{"start":{"line":683,"column":12},"end":{"line":683,"column":20330}},"103":{"start":{"line":690,"column":8},"end":{"line":690,"column":20534}},"104":{"start":{"line":694,"column":8},"end":{"line":694,"column":20678}},"105":{"start":{"line":695,"column":12},"end":{"line":695,"column":31}},"106":{"start":{"line":698,"column":8},"end":{"line":698,"column":20771}},"107":{"start":{"line":699,"column":12},"end":{"line":699,"column":20815}},"108":{"start":{"line":700,"column":16},"end":{"line":700,"column":61}},"109":{"start":{"line":702,"column":16},"end":{"line":702,"column":20964}},"110":{"start":{"line":709,"column":8},"end":{"line":709,"column":71}},"111":{"start":{"line":721,"column":8},"end":{"line":721,"column":39}},"112":{"start":{"line":722,"column":8},"end":{"line":722,"column":51}},"113":{"start":{"line":724,"column":8},"end":{"line":724,"column":23}},"114":{"start":{"line":726,"column":8},"end":{"line":726,"column":21600}},"115":{"start":{"line":731,"column":8},"end":{"line":731,"column":21751}},"116":{"start":{"line":733,"column":12},"end":{"line":733,"column":62}},"117":{"start":{"line":740,"column":8},"end":{"line":740,"column":54}},"118":{"start":{"line":753,"column":8},"end":{"line":753,"column":39}},"119":{"start":{"line":754,"column":8},"end":{"line":754,"column":51}},"120":{"start":{"line":756,"column":8},"end":{"line":756,"column":23}},"121":{"start":{"line":758,"column":8},"end":{"line":758,"column":22594}},"122":{"start":{"line":760,"column":12},"end":{"line":760,"column":22724}},"123":{"start":{"line":763,"column":12},"end":{"line":763,"column":75}},"124":{"start":{"line":765,"column":12},"end":{"line":765,"column":58}},"125":{"start":{"line":767,"column":12},"end":{"line":767,"column":23041}},"126":{"start":{"line":770,"column":12},"end":{"line":770,"column":67}},"127":{"start":{"line":772,"column":12},"end":{"line":772,"column":23235}},"128":{"start":{"line":773,"column":16},"end":{"line":773,"column":23312}},"129":{"start":{"line":776,"column":16},"end":{"line":776,"column":65}},"130":{"start":{"line":781,"column":8},"end":{"line":781,"column":23568}},"131":{"start":{"line":782,"column":12},"end":{"line":782,"column":78}},"132":{"start":{"line":783,"column":12},"end":{"line":783,"column":54}},"133":{"start":{"line":787,"column":8},"end":{"line":787,"column":23783}},"134":{"start":{"line":790,"column":8},"end":{"line":790,"column":55}},"135":{"start":{"line":794,"column":8},"end":{"line":794,"column":24087}},"136":{"start":{"line":797,"column":8},"end":{"line":797,"column":71}},"137":{"start":{"line":800,"column":8},"end":{"line":800,"column":65}},"138":{"start":{"line":804,"column":8},"end":{"line":804,"column":47}},"139":{"start":{"line":814,"column":8},"end":{"line":814,"column":63}},"140":{"start":{"line":816,"column":8},"end":{"line":816,"column":24941}},"141":{"start":{"line":817,"column":12},"end":{"line":817,"column":46}},"142":{"start":{"line":819,"column":12},"end":{"line":819,"column":42}},"143":{"start":{"line":830,"column":8},"end":{"line":830,"column":25356}},"144":{"start":{"line":834,"column":8},"end":{"line":834,"column":51}},"145":{"start":{"line":835,"column":8},"end":{"line":835,"column":25515}},"146":{"start":{"line":836,"column":12},"end":{"line":836,"column":25554}}},"branchMap":{"1":{"line":174,"type":"if","locations":[{"start":{"line":174,"column":8},"end":{"line":174,"column":8}},{"start":{"line":174,"column":8},"end":{"line":174,"column":8}}]},"2":{"line":179,"type":"if","locations":[{"start":{"line":179,"column":8},"end":{"line":179,"column":8}},{"start":{"line":179,"column":8},"end":{"line":179,"column":8}}]},"3":{"line":184,"type":"if","locations":[{"start":{"line":184,"column":8},"end":{"line":184,"column":8}},{"start":{"line":184,"column":8},"end":{"line":184,"column":8}}]},"4":{"line":197,"type":"if","locations":[{"start":{"line":197,"column":13},"end":{"line":197,"column":13}},{"start":{"line":197,"column":13},"end":{"line":197,"column":13}}]},"5":{"line":198,"type":"if","locations":[{"start":{"line":198,"column":8},"end":{"line":198,"column":8}},{"start":{"line":198,"column":8},"end":{"line":198,"column":8}}]},"6":{"line":217,"type":"if","locations":[{"start":{"line":217,"column":24},"end":{"line":217,"column":24}},{"start":{"line":217,"column":24},"end":{"line":217,"column":24}}]},"7":{"line":224,"type":"if","locations":[{"start":{"line":224,"column":50},"end":{"line":224,"column":50}},{"start":{"line":224,"column":50},"end":{"line":224,"column":50}}]},"8":{"line":233,"type":"if","locations":[{"start":{"line":233,"column":36},"end":{"line":233,"column":36}},{"start":{"line":233,"column":36},"end":{"line":233,"column":36}}]},"9":{"line":234,"type":"if","locations":[{"start":{"line":234,"column":8},"end":{"line":234,"column":8}},{"start":{"line":234,"column":8},"end":{"line":234,"column":8}}]},"10":{"line":244,"type":"if","locations":[{"start":{"line":244,"column":38},"end":{"line":244,"column":38}},{"start":{"line":244,"column":38},"end":{"line":244,"column":38}}]},"11":{"line":245,"type":"if","locations":[{"start":{"line":245,"column":8},"end":{"line":245,"column":8}},{"start":{"line":245,"column":8},"end":{"line":245,"column":8}}]},"12":{"line":255,"type":"if","locations":[{"start":{"line":255,"column":33},"end":{"line":255,"column":33}},{"start":{"line":255,"column":33},"end":{"line":255,"column":33}}]},"13":{"line":256,"type":"if","locations":[{"start":{"line":256,"column":8},"end":{"line":256,"column":8}},{"start":{"line":256,"column":8},"end":{"line":256,"column":8}}]},"14":{"line":266,"type":"if","locations":[{"start":{"line":266,"column":35},"end":{"line":266,"column":35}},{"start":{"line":266,"column":35},"end":{"line":266,"column":35}}]},"15":{"line":267,"type":"if","locations":[{"start":{"line":267,"column":8},"end":{"line":267,"column":8}},{"start":{"line":267,"column":8},"end":{"line":267,"column":8}}]},"16":{"line":277,"type":"if","locations":[{"start":{"line":277,"column":55},"end":{"line":277,"column":55}},{"start":{"line":277,"column":55},"end":{"line":277,"column":55}}]},"17":{"line":278,"type":"if","locations":[{"start":{"line":278,"column":8},"end":{"line":278,"column":8}},{"start":{"line":278,"column":8},"end":{"line":278,"column":8}}]},"18":{"line":291,"type":"if","locations":[{"start":{"line":291,"column":51},"end":{"line":291,"column":51}},{"start":{"line":291,"column":51},"end":{"line":291,"column":51}}]},"19":{"line":292,"type":"if","locations":[{"start":{"line":292,"column":8},"end":{"line":292,"column":8}},{"start":{"line":292,"column":8},"end":{"line":292,"column":8}}]},"20":{"line":307,"type":"if","locations":[{"start":{"line":307,"column":13},"end":{"line":307,"column":13}},{"start":{"line":307,"column":13},"end":{"line":307,"column":13}}]},"21":{"line":308,"type":"if","locations":[{"start":{"line":308,"column":8},"end":{"line":308,"column":8}},{"start":{"line":308,"column":8},"end":{"line":308,"column":8}}]},"22":{"line":326,"type":"if","locations":[{"start":{"line":326,"column":13},"end":{"line":326,"column":13}},{"start":{"line":326,"column":13},"end":{"line":326,"column":13}}]},"23":{"line":328,"type":"if","locations":[{"start":{"line":328,"column":8},"end":{"line":328,"column":8}},{"start":{"line":328,"column":8},"end":{"line":328,"column":8}}]},"24":{"line":329,"type":"if","locations":[{"start":{"line":329,"column":12},"end":{"line":329,"column":12}},{"start":{"line":329,"column":12},"end":{"line":329,"column":12}}]},"25":{"line":334,"type":"if","locations":[{"start":{"line":334,"column":12},"end":{"line":334,"column":12}},{"start":{"line":334,"column":12},"end":{"line":334,"column":12}}]},"26":{"line":341,"type":"if","locations":[{"start":{"line":341,"column":8},"end":{"line":341,"column":8}},{"start":{"line":341,"column":8},"end":{"line":341,"column":8}}]},"27":{"line":342,"type":"if","locations":[{"start":{"line":342,"column":8},"end":{"line":342,"column":8}},{"start":{"line":342,"column":8},"end":{"line":342,"column":8}}]},"28":{"line":344,"type":"if","locations":[{"start":{"line":344,"column":8},"end":{"line":344,"column":8}},{"start":{"line":344,"column":8},"end":{"line":344,"column":8}}]},"29":{"line":349,"type":"if","locations":[{"start":{"line":349,"column":14},"end":{"line":349,"column":25}},{"start":{"line":350,"column":14},"end":{"line":350,"column":23}}]},"30":{"line":382,"type":"if","locations":[{"start":{"line":382,"column":13},"end":{"line":382,"column":13}},{"start":{"line":382,"column":13},"end":{"line":382,"column":13}}]},"31":{"line":382,"type":"if","locations":[{"start":{"line":382,"column":34},"end":{"line":382,"column":34}},{"start":{"line":382,"column":34},"end":{"line":382,"column":34}}]},"32":{"line":397,"type":"if","locations":[{"start":{"line":397,"column":13},"end":{"line":397,"column":13}},{"start":{"line":397,"column":13},"end":{"line":397,"column":13}}]},"33":{"line":397,"type":"if","locations":[{"start":{"line":397,"column":34},"end":{"line":397,"column":34}},{"start":{"line":397,"column":34},"end":{"line":397,"column":34}}]},"34":{"line":398,"type":"if","locations":[{"start":{"line":398,"column":8},"end":{"line":398,"column":8}},{"start":{"line":398,"column":8},"end":{"line":398,"column":8}}]},"35":{"line":400,"type":"if","locations":[{"start":{"line":400,"column":8},"end":{"line":400,"column":8}},{"start":{"line":400,"column":8},"end":{"line":400,"column":8}}]},"36":{"line":430,"type":"if","locations":[{"start":{"line":430,"column":8},"end":{"line":430,"column":8}},{"start":{"line":430,"column":8},"end":{"line":430,"column":8}}]},"37":{"line":431,"type":"if","locations":[{"start":{"line":431,"column":8},"end":{"line":431,"column":8}},{"start":{"line":431,"column":8},"end":{"line":431,"column":8}}]},"38":{"line":434,"type":"if","locations":[{"start":{"line":434,"column":8},"end":{"line":434,"column":8}},{"start":{"line":434,"column":8},"end":{"line":434,"column":8}}]},"39":{"line":437,"type":"if","locations":[{"start":{"line":437,"column":8},"end":{"line":437,"column":8}},{"start":{"line":437,"column":8},"end":{"line":437,"column":8}}]},"40":{"line":440,"type":"if","locations":[{"start":{"line":440,"column":8},"end":{"line":440,"column":8}},{"start":{"line":440,"column":8},"end":{"line":440,"column":8}}]},"41":{"line":449,"type":"if","locations":[{"start":{"line":449,"column":20},"end":{"line":449,"column":20}},{"start":{"line":449,"column":20},"end":{"line":449,"column":20}}]},"42":{"line":460,"type":"if","locations":[{"start":{"line":460,"column":18},"end":{"line":460,"column":18}},{"start":{"line":460,"column":18},"end":{"line":460,"column":18}}]},"43":{"line":466,"type":"if","locations":[{"start":{"line":466,"column":8},"end":{"line":466,"column":8}},{"start":{"line":466,"column":8},"end":{"line":466,"column":8}}]},"44":{"line":492,"type":"if","locations":[{"start":{"line":492,"column":20},"end":{"line":492,"column":20}},{"start":{"line":492,"column":20},"end":{"line":492,"column":20}}]},"45":{"line":505,"type":"if","locations":[{"start":{"line":505,"column":8},"end":{"line":505,"column":8}},{"start":{"line":505,"column":8},"end":{"line":505,"column":8}}]},"46":{"line":511,"type":"if","locations":[{"start":{"line":511,"column":12},"end":{"line":511,"column":12}},{"start":{"line":511,"column":12},"end":{"line":511,"column":12}}]},"47":{"line":526,"type":"if","locations":[{"start":{"line":526,"column":45},"end":{"line":526,"column":45}},{"start":{"line":526,"column":45},"end":{"line":526,"column":45}}]},"48":{"line":529,"type":"if","locations":[{"start":{"line":529,"column":8},"end":{"line":529,"column":8}},{"start":{"line":529,"column":8},"end":{"line":529,"column":8}}]},"49":{"line":537,"type":"if","locations":[{"start":{"line":537,"column":8},"end":{"line":537,"column":8}},{"start":{"line":537,"column":8},"end":{"line":537,"column":8}}]},"50":{"line":540,"type":"if","locations":[{"start":{"line":540,"column":8},"end":{"line":540,"column":8}},{"start":{"line":540,"column":8},"end":{"line":540,"column":8}}]},"51":{"line":543,"type":"if","locations":[{"start":{"line":543,"column":8},"end":{"line":543,"column":8}},{"start":{"line":543,"column":8},"end":{"line":543,"column":8}}]},"52":{"line":547,"type":"if","locations":[{"start":{"line":547,"column":12},"end":{"line":547,"column":12}},{"start":{"line":547,"column":12},"end":{"line":547,"column":12}}]},"53":{"line":550,"type":"if","locations":[{"start":{"line":550,"column":12},"end":{"line":550,"column":12}},{"start":{"line":550,"column":12},"end":{"line":550,"column":12}}]},"54":{"line":555,"type":"if","locations":[{"start":{"line":555,"column":12},"end":{"line":555,"column":12}},{"start":{"line":555,"column":12},"end":{"line":555,"column":12}}]},"55":{"line":578,"type":"if","locations":[{"start":{"line":578,"column":41},"end":{"line":578,"column":41}},{"start":{"line":578,"column":41},"end":{"line":578,"column":41}}]},"56":{"line":580,"type":"if","locations":[{"start":{"line":580,"column":8},"end":{"line":580,"column":8}},{"start":{"line":580,"column":8},"end":{"line":580,"column":8}}]},"57":{"line":586,"type":"if","locations":[{"start":{"line":586,"column":8},"end":{"line":586,"column":8}},{"start":{"line":586,"column":8},"end":{"line":586,"column":8}}]},"58":{"line":604,"type":"if","locations":[{"start":{"line":604,"column":13},"end":{"line":604,"column":13}},{"start":{"line":604,"column":13},"end":{"line":604,"column":13}}]},"59":{"line":604,"type":"if","locations":[{"start":{"line":604,"column":27},"end":{"line":604,"column":27}},{"start":{"line":604,"column":27},"end":{"line":604,"column":27}}]},"60":{"line":605,"type":"if","locations":[{"start":{"line":605,"column":8},"end":{"line":605,"column":8}},{"start":{"line":605,"column":8},"end":{"line":605,"column":8}}]},"61":{"line":607,"type":"if","locations":[{"start":{"line":607,"column":8},"end":{"line":607,"column":8}},{"start":{"line":607,"column":8},"end":{"line":607,"column":8}}]},"62":{"line":612,"type":"if","locations":[{"start":{"line":612,"column":8},"end":{"line":612,"column":8}},{"start":{"line":612,"column":8},"end":{"line":612,"column":8}}]},"63":{"line":634,"type":"if","locations":[{"start":{"line":634,"column":13},"end":{"line":634,"column":13}},{"start":{"line":634,"column":13},"end":{"line":634,"column":13}}]},"64":{"line":634,"type":"if","locations":[{"start":{"line":634,"column":27},"end":{"line":634,"column":27}},{"start":{"line":634,"column":27},"end":{"line":634,"column":27}}]},"65":{"line":634,"type":"if","locations":[{"start":{"line":634,"column":42},"end":{"line":634,"column":42}},{"start":{"line":634,"column":42},"end":{"line":634,"column":42}}]},"66":{"line":638,"type":"if","locations":[{"start":{"line":638,"column":8},"end":{"line":638,"column":8}},{"start":{"line":638,"column":8},"end":{"line":638,"column":8}}]},"67":{"line":646,"type":"if","locations":[{"start":{"line":646,"column":8},"end":{"line":646,"column":8}},{"start":{"line":646,"column":8},"end":{"line":646,"column":8}}]},"68":{"line":650,"type":"if","locations":[{"start":{"line":650,"column":8},"end":{"line":650,"column":8}},{"start":{"line":650,"column":8},"end":{"line":650,"column":8}}]},"69":{"line":676,"type":"if","locations":[{"start":{"line":676,"column":13},"end":{"line":676,"column":13}},{"start":{"line":676,"column":13},"end":{"line":676,"column":13}}]},"70":{"line":676,"type":"if","locations":[{"start":{"line":676,"column":27},"end":{"line":676,"column":27}},{"start":{"line":676,"column":27},"end":{"line":676,"column":27}}]},"71":{"line":676,"type":"if","locations":[{"start":{"line":676,"column":42},"end":{"line":676,"column":42}},{"start":{"line":676,"column":42},"end":{"line":676,"column":42}}]},"72":{"line":683,"type":"if","locations":[{"start":{"line":683,"column":12},"end":{"line":683,"column":12}},{"start":{"line":683,"column":12},"end":{"line":683,"column":12}}]},"73":{"line":698,"type":"if","locations":[{"start":{"line":698,"column":8},"end":{"line":698,"column":8}},{"start":{"line":698,"column":8},"end":{"line":698,"column":8}}]},"74":{"line":699,"type":"if","locations":[{"start":{"line":699,"column":12},"end":{"line":699,"column":12}},{"start":{"line":699,"column":12},"end":{"line":699,"column":12}}]},"75":{"line":720,"type":"if","locations":[{"start":{"line":720,"column":13},"end":{"line":720,"column":13}},{"start":{"line":720,"column":13},"end":{"line":720,"column":13}}]},"76":{"line":720,"type":"if","locations":[{"start":{"line":720,"column":27},"end":{"line":720,"column":27}},{"start":{"line":720,"column":27},"end":{"line":720,"column":27}}]},"77":{"line":720,"type":"if","locations":[{"start":{"line":720,"column":42},"end":{"line":720,"column":42}},{"start":{"line":720,"column":42},"end":{"line":720,"column":42}}]},"78":{"line":731,"type":"if","locations":[{"start":{"line":731,"column":8},"end":{"line":731,"column":8}},{"start":{"line":731,"column":8},"end":{"line":731,"column":8}}]},"79":{"line":758,"type":"if","locations":[{"start":{"line":758,"column":8},"end":{"line":758,"column":8}},{"start":{"line":758,"column":8},"end":{"line":758,"column":8}}]},"80":{"line":763,"type":"if","locations":[{"start":{"line":763,"column":12},"end":{"line":763,"column":12}},{"start":{"line":763,"column":12},"end":{"line":763,"column":12}}]},"81":{"line":765,"type":"if","locations":[{"start":{"line":765,"column":12},"end":{"line":765,"column":12}},{"start":{"line":765,"column":12},"end":{"line":765,"column":12}}]},"82":{"line":770,"type":"if","locations":[{"start":{"line":770,"column":12},"end":{"line":770,"column":12}},{"start":{"line":770,"column":12},"end":{"line":770,"column":12}}]},"83":{"line":772,"type":"if","locations":[{"start":{"line":772,"column":12},"end":{"line":772,"column":12}},{"start":{"line":772,"column":12},"end":{"line":772,"column":12}}]},"84":{"line":776,"type":"if","locations":[{"start":{"line":776,"column":16},"end":{"line":776,"column":16}},{"start":{"line":776,"column":16},"end":{"line":776,"column":16}}]},"85":{"line":781,"type":"if","locations":[{"start":{"line":781,"column":8},"end":{"line":781,"column":8}},{"start":{"line":781,"column":8},"end":{"line":781,"column":8}}]},"86":{"line":783,"type":"if","locations":[{"start":{"line":783,"column":12},"end":{"line":783,"column":12}},{"start":{"line":783,"column":12},"end":{"line":783,"column":12}}]},"87":{"line":790,"type":"if","locations":[{"start":{"line":790,"column":8},"end":{"line":790,"column":8}},{"start":{"line":790,"column":8},"end":{"line":790,"column":8}}]},"88":{"line":797,"type":"if","locations":[{"start":{"line":797,"column":8},"end":{"line":797,"column":8}},{"start":{"line":797,"column":8},"end":{"line":797,"column":8}}]},"89":{"line":800,"type":"if","locations":[{"start":{"line":800,"column":8},"end":{"line":800,"column":8}},{"start":{"line":800,"column":8},"end":{"line":800,"column":8}}]},"90":{"line":816,"type":"if","locations":[{"start":{"line":816,"column":8},"end":{"line":816,"column":8}},{"start":{"line":816,"column":8},"end":{"line":816,"column":8}}]},"91":{"line":834,"type":"if","locations":[{"start":{"line":834,"column":8},"end":{"line":834,"column":8}},{"start":{"line":834,"column":8},"end":{"line":834,"column":8}}]},"92":{"line":835,"type":"if","locations":[{"start":{"line":835,"column":8},"end":{"line":835,"column":8}},{"start":{"line":835,"column":8},"end":{"line":835,"column":8}}]},"93":{"line":836,"type":"if","locations":[{"start":{"line":836,"column":12},"end":{"line":836,"column":12}},{"start":{"line":836,"column":12},"end":{"line":836,"column":12}}]}}},
"contracts/TestERC20.sol":{"l":{"16":0},"path":"/Users/showmac/Desktop/personal/liyanyan/MetaNodeStake/MetaNodeStake/stake-contract/contracts/TestERC20.sol","s":{"1":0},"b":{},"f":{"1":0},"fnMap":{"1":{"name":"constructor","line":15,"loc":{"start":{"line":11,"column":4},"end":{"line":17,"column":4}}}},"statementMap":{"1":{"start":{"line":16,"column":8},"end":{"line":16,"column":39}}},"branchMap":{}}}
