{
"contracts/MetaNode.sol":{"l":{"9":2},"path":"/Users/showmac/Desktop/personal/liyanyan/MetaNodeStake/MetaNodeStake/stake-contract/contracts/MetaNode.sol","s":{"1":2},"b":{},"f":{"1":2},"fnMap":{"1":{"name":"constructor","line":7,"loc":{"start":{"line":7,"column":4},"end":{"line":10,"column":4}}}},"statementMap":{"1":{"start":{"line":9,"column":9},"end":{"line":9,"column":61}}},"branchMap":{}},
"contracts/MetaNodeStake.sol":{"l":{"174":218,"175":212,"179":8,"180":7,"184":31,"185":30,"198":2,"203":2,"204":2,"205":2,"206":2,"208":2,"210":2,"211":2,"212":2,"225":5,"227":5,"235":4,"237":3,"239":3,"247":4,"249":3,"251":3,"259":4,"261":3,"263":3,"271":4,"273":3,"275":3,"283":2,"288":1,"290":1,"298":6,"303":5,"305":5,"315":2,"317":1,"319":1,"335":9,"336":6,"341":3,"348":7,"349":6,"351":5,"352":1,"355":5,"358":5,"360":5,"372":5,"390":2,"391":2,"393":2,"405":3,"407":2,"408":2,"411":2,"412":2,"414":2,"424":2,"438":72,"439":71,"440":1,"442":71,"443":1,"445":71,"446":71,"447":71,"448":71,"458":20,"469":20,"470":20,"471":20,"472":20,"474":20,"475":11,"479":11,"481":11,"487":20,"501":58,"516":5,"518":5,"519":4,"520":1,"524":4,"535":60,"537":60,"538":1,"541":59,"545":59,"547":59,"548":59,"550":59,"551":59,"552":52,"555":52,"557":52,"558":52,"560":52,"563":52,"564":52,"567":59,"569":59,"576":7,"577":7,"578":15,"587":17,"588":17,"593":17,"594":17,"599":16,"613":5,"614":4,"615":4,"620":3,"622":3,"629":3,"643":18,"644":18,"646":18,"648":17,"650":17,"654":17,"655":15,"658":17,"659":16,"660":16,"668":17,"669":17,"673":17,"685":12,"686":12,"688":12,"689":12,"690":12,"691":12,"692":2,"694":10,"695":10,"698":12,"699":2,"702":12,"703":10,"706":12,"707":10,"708":9,"710":1,"717":10,"729":7,"730":7,"732":7,"734":7,"739":7,"740":6,"741":6,"744":7,"748":7,"761":19,"762":19,"764":19,"766":19,"768":1,"771":1,"772":1,"773":1,"775":1,"778":1,"780":1,"781":1,"784":1,"785":1,"789":19,"790":18,"791":18,"792":18,"795":19,"798":19,"799":19,"802":19,"805":19,"807":19,"808":19,"810":19,"812":19,"822":6,"824":6,"825":1,"827":5,"838":9,"842":9,"843":8,"844":2},"path":"/Users/showmac/Desktop/personal/liyanyan/MetaNodeStake/MetaNodeStake/stake-contract/contracts/MetaNodeStake.sol","s":{"1":218,"2":8,"3":31,"4":2,"5":2,"6":2,"7":2,"8":2,"9":2,"10":5,"11":4,"12":3,"13":4,"14":3,"15":4,"16":3,"17":4,"18":3,"19":2,"20":1,"21":6,"22":5,"23":2,"24":1,"25":9,"26":6,"27":3,"28":7,"29":6,"30":5,"31":1,"32":5,"33":5,"34":5,"35":2,"36":3,"37":2,"38":2,"39":2,"40":2,"41":72,"42":71,"43":71,"44":71,"45":71,"46":71,"47":20,"48":20,"49":20,"50":20,"51":20,"52":20,"53":11,"54":11,"55":20,"56":58,"57":5,"58":5,"59":4,"60":60,"61":60,"62":1,"63":59,"64":59,"65":59,"66":59,"67":59,"68":52,"69":52,"70":52,"71":52,"72":52,"73":59,"74":7,"75":7,"76":15,"77":17,"78":17,"79":17,"80":17,"81":16,"82":5,"83":4,"84":4,"85":3,"86":3,"87":3,"88":18,"89":18,"90":18,"91":17,"92":17,"93":17,"94":17,"95":16,"96":17,"97":12,"98":12,"99":12,"100":12,"101":12,"102":12,"103":12,"104":12,"105":10,"106":12,"107":10,"108":9,"109":1,"110":10,"111":7,"112":7,"113":7,"114":7,"115":7,"116":6,"117":7,"118":19,"119":19,"120":19,"121":19,"122":1,"123":1,"124":1,"125":1,"126":1,"127":1,"128":1,"129":1,"130":19,"131":18,"132":18,"133":19,"134":19,"135":19,"136":19,"137":19,"138":19,"139":6,"140":6,"141":1,"142":5,"143":9,"144":9,"145":8,"146":2},"b":{"1":[212,6],"2":[7,1],"3":[30,1],"4":[2,0],"5":[2,0],"6":[0,0],"7":[5,1],"8":[4,1],"9":[3,1],"10":[4,1],"11":[3,1],"12":[4,1],"13":[3,1],"14":[4,1],"15":[3,1],"16":[2,1],"17":[1,1],"18":[6,1],"19":[5,1],"20":[2,1],"21":[1,1],"22":[9,1],"23":[6,3],"24":[5,1],"25":[2,1],"26":[6,1],"27":[5,1],"28":[1,4],"29":[4,1],"30":[2,1],"31":[2,0],"32":[3,1],"33":[3,0],"34":[2,1],"35":[2,0],"36":[71,1],"37":[1,70],"38":[1,70],"39":[71,0],"40":[71,0],"41":[20,1],"42":[20,1],"43":[11,9],"44":[58,1],"45":[5,1],"46":[1,3],"47":[60,1],"48":[1,59],"49":[59,0],"50":[59,0],"51":[52,7],"52":[52,0],"53":[52,0],"54":[52,0],"55":[17,0],"56":[17,0],"57":[16,1],"58":[5,0],"59":[5,0],"60":[4,1],"61":[3,1],"62":[3,0],"63":[18,0],"64":[18,0],"65":[18,0],"66":[17,1],"67":[15,2],"68":[16,1],"69":[13,0],"70":[13,0],"71":[12,1],"72":[2,10],"73":[10,2],"74":[9,1],"75":[9,0],"76":[8,1],"77":[7,1],"78":[6,1],"79":[1,18],"80":[1,0],"81":[1,0],"82":[1,0],"83":[1,0],"84":[1,0],"85":[18,1],"86":[18,0],"87":[19,0],"88":[19,0],"89":[19,0],"90":[1,5],"91":[8,1],"92":[2,6],"93":[1,1]},"f":{"1":218,"2":8,"3":31,"4":2,"5":0,"6":5,"7":4,"8":4,"9":4,"10":4,"11":2,"12":6,"13":2,"14":9,"15":2,"16":3,"17":2,"18":72,"19":20,"20":20,"21":58,"22":5,"23":60,"24":7,"25":17,"26":5,"27":18,"28":12,"29":7,"30":19,"31":6,"32":9},"fnMap":{"1":{"name":"checkPid","line":173,"loc":{"start":{"line":173,"column":4},"end":{"line":176,"column":4}}},"2":{"name":"whenNotClaimPaused","line":178,"loc":{"start":{"line":178,"column":4},"end":{"line":181,"column":4}}},"3":{"name":"whenNotWithdrawPaused","line":183,"loc":{"start":{"line":183,"column":4},"end":{"line":186,"column":4}}},"4":{"name":"initialize","line":197,"loc":{"start":{"line":192,"column":4},"end":{"line":213,"column":4}}},"5":{"name":"_authorizeUpgrade","line":217,"loc":{"start":{"line":215,"column":4},"end":{"line":217,"column":48}}},"6":{"name":"setMetaNode","line":224,"loc":{"start":{"line":224,"column":4},"end":{"line":228,"column":4}}},"7":{"name":"pauseWithdraw","line":234,"loc":{"start":{"line":234,"column":4},"end":{"line":240,"column":4}}},"8":{"name":"unpauseWithdraw","line":246,"loc":{"start":{"line":246,"column":4},"end":{"line":252,"column":4}}},"9":{"name":"pauseClaim","line":258,"loc":{"start":{"line":258,"column":4},"end":{"line":264,"column":4}}},"10":{"name":"unpauseClaim","line":270,"loc":{"start":{"line":270,"column":4},"end":{"line":276,"column":4}}},"11":{"name":"setStartBlock","line":282,"loc":{"start":{"line":282,"column":4},"end":{"line":291,"column":4}}},"12":{"name":"setEndBlock","line":297,"loc":{"start":{"line":297,"column":4},"end":{"line":306,"column":4}}},"13":{"name":"setMetaNodePerBlock","line":314,"loc":{"start":{"line":312,"column":4},"end":{"line":320,"column":4}}},"14":{"name":"addPool","line":333,"loc":{"start":{"line":327,"column":4},"end":{"line":379,"column":4}}},"15":{"name":"updatePool","line":389,"loc":{"start":{"line":385,"column":4},"end":{"line":394,"column":4}}},"16":{"name":"setPoolWeight","line":404,"loc":{"start":{"line":400,"column":4},"end":{"line":415,"column":4}}},"17":{"name":"poolLength","line":423,"loc":{"start":{"line":423,"column":4},"end":{"line":425,"column":4}}},"18":{"name":"getMultiplier","line":434,"loc":{"start":{"line":434,"column":4},"end":{"line":449,"column":4}}},"19":{"name":"pendingMetaNode","line":457,"loc":{"start":{"line":454,"column":4},"end":{"line":459,"column":4}}},"20":{"name":"pendingMetaNodeByBlockNumber","line":468,"loc":{"start":{"line":464,"column":4},"end":{"line":492,"column":4}}},"21":{"name":"stakingBalance","line":500,"loc":{"start":{"line":497,"column":4},"end":{"line":502,"column":4}}},"22":{"name":"withdrawAmount","line":513,"loc":{"start":{"line":507,"column":4},"end":{"line":526,"column":4}}},"23":{"name":"updatePool","line":534,"loc":{"start":{"line":534,"column":4},"end":{"line":570,"column":4}}},"24":{"name":"massUpdatePools","line":575,"loc":{"start":{"line":575,"column":4},"end":{"line":580,"column":4}}},"25":{"name":"depositETH","line":586,"loc":{"start":{"line":586,"column":4},"end":{"line":600,"column":4}}},"26":{"name":"deposit","line":612,"loc":{"start":{"line":609,"column":4},"end":{"line":630,"column":4}}},"27":{"name":"unstake","line":642,"loc":{"start":{"line":639,"column":4},"end":{"line":674,"column":4}}},"28":{"name":"withdraw","line":684,"loc":{"start":{"line":682,"column":4},"end":{"line":718,"column":4}}},"29":{"name":"claim","line":728,"loc":{"start":{"line":726,"column":4},"end":{"line":749,"column":4}}},"30":{"name":"_deposit","line":760,"loc":{"start":{"line":760,"column":4},"end":{"line":813,"column":4}}},"31":{"name":"_safeMetaNodeTransfer","line":821,"loc":{"start":{"line":821,"column":4},"end":{"line":829,"column":4}}},"32":{"name":"_safeETHTransfer","line":837,"loc":{"start":{"line":837,"column":4},"end":{"line":849,"column":4}}}},"statementMap":{"1":{"start":{"line":174,"column":8},"end":{"line":174,"column":49}},"2":{"start":{"line":179,"column":8},"end":{"line":179,"column":47}},"3":{"start":{"line":184,"column":8},"end":{"line":184,"column":53}},"4":{"start":{"line":198,"column":8},"end":{"line":198,"column":5714}},"5":{"start":{"line":203,"column":8},"end":{"line":203,"column":29}},"6":{"start":{"line":204,"column":8},"end":{"line":204,"column":49}},"7":{"start":{"line":205,"column":8},"end":{"line":205,"column":43}},"8":{"start":{"line":206,"column":8},"end":{"line":206,"column":41}},"9":{"start":{"line":208,"column":8},"end":{"line":208,"column":29}},"10":{"start":{"line":227,"column":8},"end":{"line":227,"column":34}},"11":{"start":{"line":235,"column":8},"end":{"line":235,"column":67}},"12":{"start":{"line":239,"column":8},"end":{"line":239,"column":28}},"13":{"start":{"line":247,"column":8},"end":{"line":247,"column":68}},"14":{"start":{"line":251,"column":8},"end":{"line":251,"column":30}},"15":{"start":{"line":259,"column":8},"end":{"line":259,"column":61}},"16":{"start":{"line":263,"column":8},"end":{"line":263,"column":25}},"17":{"start":{"line":271,"column":8},"end":{"line":271,"column":62}},"18":{"start":{"line":275,"column":8},"end":{"line":275,"column":27}},"19":{"start":{"line":283,"column":8},"end":{"line":283,"column":7990}},"20":{"start":{"line":290,"column":8},"end":{"line":290,"column":39}},"21":{"start":{"line":298,"column":8},"end":{"line":298,"column":8372}},"22":{"start":{"line":305,"column":8},"end":{"line":305,"column":35}},"23":{"start":{"line":315,"column":8},"end":{"line":315,"column":58}},"24":{"start":{"line":319,"column":8},"end":{"line":319,"column":51}},"25":{"start":{"line":335,"column":8},"end":{"line":335,"column":9518}},"26":{"start":{"line":336,"column":12},"end":{"line":336,"column":9557}},"27":{"start":{"line":341,"column":12},"end":{"line":341,"column":9707}},"28":{"start":{"line":348,"column":8},"end":{"line":348,"column":74}},"29":{"start":{"line":349,"column":8},"end":{"line":349,"column":56}},"30":{"start":{"line":351,"column":8},"end":{"line":351,"column":10102}},"31":{"start":{"line":352,"column":12},"end":{"line":352,"column":28}},"32":{"start":{"line":355,"column":8},"end":{"line":355,"column":10187}},"33":{"start":{"line":360,"column":8},"end":{"line":360,"column":10342}},"34":{"start":{"line":372,"column":8},"end":{"line":372,"column":10730}},"35":{"start":{"line":393,"column":8},"end":{"line":393,"column":74}},"36":{"start":{"line":405,"column":8},"end":{"line":405,"column":54}},"37":{"start":{"line":407,"column":8},"end":{"line":407,"column":11761}},"38":{"start":{"line":408,"column":12},"end":{"line":408,"column":28}},"39":{"start":{"line":414,"column":8},"end":{"line":414,"column":62}},"40":{"start":{"line":424,"column":8},"end":{"line":424,"column":26}},"41":{"start":{"line":438,"column":8},"end":{"line":438,"column":45}},"42":{"start":{"line":439,"column":8},"end":{"line":439,"column":12762}},"43":{"start":{"line":442,"column":8},"end":{"line":442,"column":12838}},"44":{"start":{"line":445,"column":8},"end":{"line":445,"column":74}},"45":{"start":{"line":446,"column":8},"end":{"line":446,"column":20}},"46":{"start":{"line":448,"column":8},"end":{"line":448,"column":46}},"47":{"start":{"line":458,"column":8},"end":{"line":458,"column":70}},"48":{"start":{"line":469,"column":8},"end":{"line":469,"column":39}},"49":{"start":{"line":470,"column":8},"end":{"line":470,"column":46}},"50":{"start":{"line":471,"column":8},"end":{"line":471,"column":57}},"51":{"start":{"line":472,"column":8},"end":{"line":472,"column":46}},"52":{"start":{"line":474,"column":8},"end":{"line":474,"column":13874}},"53":{"start":{"line":475,"column":12},"end":{"line":475,"column":13952}},"54":{"start":{"line":479,"column":12},"end":{"line":479,"column":14101}},"55":{"start":{"line":487,"column":8},"end":{"line":487,"column":14355}},"56":{"start":{"line":501,"column":8},"end":{"line":501,"column":41}},"57":{"start":{"line":516,"column":8},"end":{"line":516,"column":46}},"58":{"start":{"line":518,"column":8},"end":{"line":518,"column":15123}},"59":{"start":{"line":519,"column":12},"end":{"line":519,"column":15193}},"60":{"start":{"line":535,"column":8},"end":{"line":535,"column":39}},"61":{"start":{"line":537,"column":8},"end":{"line":537,"column":15839}},"62":{"start":{"line":538,"column":12},"end":{"line":538,"column":18}},"63":{"start":{"line":541,"column":8},"end":{"line":541,"column":15949}},"64":{"start":{"line":545,"column":8},"end":{"line":545,"column":36}},"65":{"start":{"line":548,"column":8},"end":{"line":548,"column":36}},"66":{"start":{"line":550,"column":8},"end":{"line":550,"column":46}},"67":{"start":{"line":551,"column":8},"end":{"line":551,"column":16286}},"68":{"start":{"line":552,"column":12},"end":{"line":552,"column":16323}},"69":{"start":{"line":555,"column":12},"end":{"line":555,"column":40}},"70":{"start":{"line":558,"column":12},"end":{"line":558,"column":40}},"71":{"start":{"line":560,"column":12},"end":{"line":560,"column":16626}},"72":{"start":{"line":563,"column":12},"end":{"line":563,"column":40}},"73":{"start":{"line":569,"column":8},"end":{"line":569,"column":67}},"74":{"start":{"line":576,"column":8},"end":{"line":576,"column":36}},"75":{"start":{"line":577,"column":8},"end":{"line":577,"column":17136}},"76":{"start":{"line":578,"column":12},"end":{"line":578,"column":26}},"77":{"start":{"line":587,"column":8},"end":{"line":587,"column":42}},"78":{"start":{"line":588,"column":8},"end":{"line":588,"column":17426}},"79":{"start":{"line":593,"column":8},"end":{"line":593,"column":35}},"80":{"start":{"line":594,"column":8},"end":{"line":594,"column":17586}},"81":{"start":{"line":599,"column":8},"end":{"line":599,"column":33}},"82":{"start":{"line":613,"column":8},"end":{"line":613,"column":60}},"83":{"start":{"line":614,"column":8},"end":{"line":614,"column":39}},"84":{"start":{"line":615,"column":8},"end":{"line":615,"column":18281}},"85":{"start":{"line":620,"column":8},"end":{"line":620,"column":18398}},"86":{"start":{"line":622,"column":12},"end":{"line":622,"column":18465}},"87":{"start":{"line":629,"column":8},"end":{"line":629,"column":30}},"88":{"start":{"line":643,"column":8},"end":{"line":643,"column":39}},"89":{"start":{"line":644,"column":8},"end":{"line":644,"column":51}},"90":{"start":{"line":646,"column":8},"end":{"line":646,"column":77}},"91":{"start":{"line":648,"column":8},"end":{"line":648,"column":23}},"92":{"start":{"line":650,"column":8},"end":{"line":650,"column":19249}},"93":{"start":{"line":654,"column":8},"end":{"line":654,"column":19363}},"94":{"start":{"line":658,"column":8},"end":{"line":658,"column":19488}},"95":{"start":{"line":660,"column":12},"end":{"line":660,"column":19578}},"96":{"start":{"line":673,"column":8},"end":{"line":673,"column":54}},"97":{"start":{"line":685,"column":8},"end":{"line":685,"column":39}},"98":{"start":{"line":686,"column":8},"end":{"line":686,"column":51}},"99":{"start":{"line":688,"column":8},"end":{"line":688,"column":32}},"100":{"start":{"line":689,"column":8},"end":{"line":689,"column":23}},"101":{"start":{"line":690,"column":8},"end":{"line":690,"column":20447}},"102":{"start":{"line":691,"column":12},"end":{"line":691,"column":20517}},"103":{"start":{"line":698,"column":8},"end":{"line":698,"column":20721}},"104":{"start":{"line":702,"column":8},"end":{"line":702,"column":20865}},"105":{"start":{"line":703,"column":12},"end":{"line":703,"column":31}},"106":{"start":{"line":706,"column":8},"end":{"line":706,"column":20958}},"107":{"start":{"line":707,"column":12},"end":{"line":707,"column":21002}},"108":{"start":{"line":708,"column":16},"end":{"line":708,"column":61}},"109":{"start":{"line":710,"column":16},"end":{"line":710,"column":21151}},"110":{"start":{"line":717,"column":8},"end":{"line":717,"column":71}},"111":{"start":{"line":729,"column":8},"end":{"line":729,"column":39}},"112":{"start":{"line":730,"column":8},"end":{"line":730,"column":51}},"113":{"start":{"line":732,"column":8},"end":{"line":732,"column":23}},"114":{"start":{"line":734,"column":8},"end":{"line":734,"column":21787}},"115":{"start":{"line":739,"column":8},"end":{"line":739,"column":21938}},"116":{"start":{"line":741,"column":12},"end":{"line":741,"column":62}},"117":{"start":{"line":748,"column":8},"end":{"line":748,"column":54}},"118":{"start":{"line":761,"column":8},"end":{"line":761,"column":39}},"119":{"start":{"line":762,"column":8},"end":{"line":762,"column":51}},"120":{"start":{"line":764,"column":8},"end":{"line":764,"column":23}},"121":{"start":{"line":766,"column":8},"end":{"line":766,"column":22781}},"122":{"start":{"line":768,"column":12},"end":{"line":768,"column":22911}},"123":{"start":{"line":771,"column":12},"end":{"line":771,"column":75}},"124":{"start":{"line":773,"column":12},"end":{"line":773,"column":58}},"125":{"start":{"line":775,"column":12},"end":{"line":775,"column":23228}},"126":{"start":{"line":778,"column":12},"end":{"line":778,"column":67}},"127":{"start":{"line":780,"column":12},"end":{"line":780,"column":23422}},"128":{"start":{"line":781,"column":16},"end":{"line":781,"column":23499}},"129":{"start":{"line":784,"column":16},"end":{"line":784,"column":65}},"130":{"start":{"line":789,"column":8},"end":{"line":789,"column":23755}},"131":{"start":{"line":790,"column":12},"end":{"line":790,"column":78}},"132":{"start":{"line":791,"column":12},"end":{"line":791,"column":54}},"133":{"start":{"line":795,"column":8},"end":{"line":795,"column":23970}},"134":{"start":{"line":798,"column":8},"end":{"line":798,"column":55}},"135":{"start":{"line":802,"column":8},"end":{"line":802,"column":24274}},"136":{"start":{"line":805,"column":8},"end":{"line":805,"column":71}},"137":{"start":{"line":808,"column":8},"end":{"line":808,"column":65}},"138":{"start":{"line":812,"column":8},"end":{"line":812,"column":47}},"139":{"start":{"line":822,"column":8},"end":{"line":822,"column":63}},"140":{"start":{"line":824,"column":8},"end":{"line":824,"column":25128}},"141":{"start":{"line":825,"column":12},"end":{"line":825,"column":46}},"142":{"start":{"line":827,"column":12},"end":{"line":827,"column":42}},"143":{"start":{"line":838,"column":8},"end":{"line":838,"column":25543}},"144":{"start":{"line":842,"column":8},"end":{"line":842,"column":51}},"145":{"start":{"line":843,"column":8},"end":{"line":843,"column":25702}},"146":{"start":{"line":844,"column":12},"end":{"line":844,"column":25741}}},"branchMap":{"1":{"line":174,"type":"if","locations":[{"start":{"line":174,"column":8},"end":{"line":174,"column":8}},{"start":{"line":174,"column":8},"end":{"line":174,"column":8}}]},"2":{"line":179,"type":"if","locations":[{"start":{"line":179,"column":8},"end":{"line":179,"column":8}},{"start":{"line":179,"column":8},"end":{"line":179,"column":8}}]},"3":{"line":184,"type":"if","locations":[{"start":{"line":184,"column":8},"end":{"line":184,"column":8}},{"start":{"line":184,"column":8},"end":{"line":184,"column":8}}]},"4":{"line":197,"type":"if","locations":[{"start":{"line":197,"column":13},"end":{"line":197,"column":13}},{"start":{"line":197,"column":13},"end":{"line":197,"column":13}}]},"5":{"line":198,"type":"if","locations":[{"start":{"line":198,"column":8},"end":{"line":198,"column":8}},{"start":{"line":198,"column":8},"end":{"line":198,"column":8}}]},"6":{"line":217,"type":"if","locations":[{"start":{"line":217,"column":24},"end":{"line":217,"column":24}},{"start":{"line":217,"column":24},"end":{"line":217,"column":24}}]},"7":{"line":224,"type":"if","locations":[{"start":{"line":224,"column":50},"end":{"line":224,"column":50}},{"start":{"line":224,"column":50},"end":{"line":224,"column":50}}]},"8":{"line":234,"type":"if","locations":[{"start":{"line":234,"column":36},"end":{"line":234,"column":36}},{"start":{"line":234,"column":36},"end":{"line":234,"column":36}}]},"9":{"line":235,"type":"if","locations":[{"start":{"line":235,"column":8},"end":{"line":235,"column":8}},{"start":{"line":235,"column":8},"end":{"line":235,"column":8}}]},"10":{"line":246,"type":"if","locations":[{"start":{"line":246,"column":38},"end":{"line":246,"column":38}},{"start":{"line":246,"column":38},"end":{"line":246,"column":38}}]},"11":{"line":247,"type":"if","locations":[{"start":{"line":247,"column":8},"end":{"line":247,"column":8}},{"start":{"line":247,"column":8},"end":{"line":247,"column":8}}]},"12":{"line":258,"type":"if","locations":[{"start":{"line":258,"column":33},"end":{"line":258,"column":33}},{"start":{"line":258,"column":33},"end":{"line":258,"column":33}}]},"13":{"line":259,"type":"if","locations":[{"start":{"line":259,"column":8},"end":{"line":259,"column":8}},{"start":{"line":259,"column":8},"end":{"line":259,"column":8}}]},"14":{"line":270,"type":"if","locations":[{"start":{"line":270,"column":35},"end":{"line":270,"column":35}},{"start":{"line":270,"column":35},"end":{"line":270,"column":35}}]},"15":{"line":271,"type":"if","locations":[{"start":{"line":271,"column":8},"end":{"line":271,"column":8}},{"start":{"line":271,"column":8},"end":{"line":271,"column":8}}]},"16":{"line":282,"type":"if","locations":[{"start":{"line":282,"column":55},"end":{"line":282,"column":55}},{"start":{"line":282,"column":55},"end":{"line":282,"column":55}}]},"17":{"line":283,"type":"if","locations":[{"start":{"line":283,"column":8},"end":{"line":283,"column":8}},{"start":{"line":283,"column":8},"end":{"line":283,"column":8}}]},"18":{"line":297,"type":"if","locations":[{"start":{"line":297,"column":51},"end":{"line":297,"column":51}},{"start":{"line":297,"column":51},"end":{"line":297,"column":51}}]},"19":{"line":298,"type":"if","locations":[{"start":{"line":298,"column":8},"end":{"line":298,"column":8}},{"start":{"line":298,"column":8},"end":{"line":298,"column":8}}]},"20":{"line":314,"type":"if","locations":[{"start":{"line":314,"column":13},"end":{"line":314,"column":13}},{"start":{"line":314,"column":13},"end":{"line":314,"column":13}}]},"21":{"line":315,"type":"if","locations":[{"start":{"line":315,"column":8},"end":{"line":315,"column":8}},{"start":{"line":315,"column":8},"end":{"line":315,"column":8}}]},"22":{"line":333,"type":"if","locations":[{"start":{"line":333,"column":13},"end":{"line":333,"column":13}},{"start":{"line":333,"column":13},"end":{"line":333,"column":13}}]},"23":{"line":335,"type":"if","locations":[{"start":{"line":335,"column":8},"end":{"line":335,"column":8}},{"start":{"line":335,"column":8},"end":{"line":335,"column":8}}]},"24":{"line":336,"type":"if","locations":[{"start":{"line":336,"column":12},"end":{"line":336,"column":12}},{"start":{"line":336,"column":12},"end":{"line":336,"column":12}}]},"25":{"line":341,"type":"if","locations":[{"start":{"line":341,"column":12},"end":{"line":341,"column":12}},{"start":{"line":341,"column":12},"end":{"line":341,"column":12}}]},"26":{"line":348,"type":"if","locations":[{"start":{"line":348,"column":8},"end":{"line":348,"column":8}},{"start":{"line":348,"column":8},"end":{"line":348,"column":8}}]},"27":{"line":349,"type":"if","locations":[{"start":{"line":349,"column":8},"end":{"line":349,"column":8}},{"start":{"line":349,"column":8},"end":{"line":349,"column":8}}]},"28":{"line":351,"type":"if","locations":[{"start":{"line":351,"column":8},"end":{"line":351,"column":8}},{"start":{"line":351,"column":8},"end":{"line":351,"column":8}}]},"29":{"line":356,"type":"if","locations":[{"start":{"line":356,"column":14},"end":{"line":356,"column":25}},{"start":{"line":357,"column":14},"end":{"line":357,"column":23}}]},"30":{"line":389,"type":"if","locations":[{"start":{"line":389,"column":13},"end":{"line":389,"column":13}},{"start":{"line":389,"column":13},"end":{"line":389,"column":13}}]},"31":{"line":389,"type":"if","locations":[{"start":{"line":389,"column":34},"end":{"line":389,"column":34}},{"start":{"line":389,"column":34},"end":{"line":389,"column":34}}]},"32":{"line":404,"type":"if","locations":[{"start":{"line":404,"column":13},"end":{"line":404,"column":13}},{"start":{"line":404,"column":13},"end":{"line":404,"column":13}}]},"33":{"line":404,"type":"if","locations":[{"start":{"line":404,"column":34},"end":{"line":404,"column":34}},{"start":{"line":404,"column":34},"end":{"line":404,"column":34}}]},"34":{"line":405,"type":"if","locations":[{"start":{"line":405,"column":8},"end":{"line":405,"column":8}},{"start":{"line":405,"column":8},"end":{"line":405,"column":8}}]},"35":{"line":407,"type":"if","locations":[{"start":{"line":407,"column":8},"end":{"line":407,"column":8}},{"start":{"line":407,"column":8},"end":{"line":407,"column":8}}]},"36":{"line":438,"type":"if","locations":[{"start":{"line":438,"column":8},"end":{"line":438,"column":8}},{"start":{"line":438,"column":8},"end":{"line":438,"column":8}}]},"37":{"line":439,"type":"if","locations":[{"start":{"line":439,"column":8},"end":{"line":439,"column":8}},{"start":{"line":439,"column":8},"end":{"line":439,"column":8}}]},"38":{"line":442,"type":"if","locations":[{"start":{"line":442,"column":8},"end":{"line":442,"column":8}},{"start":{"line":442,"column":8},"end":{"line":442,"column":8}}]},"39":{"line":445,"type":"if","locations":[{"start":{"line":445,"column":8},"end":{"line":445,"column":8}},{"start":{"line":445,"column":8},"end":{"line":445,"column":8}}]},"40":{"line":448,"type":"if","locations":[{"start":{"line":448,"column":8},"end":{"line":448,"column":8}},{"start":{"line":448,"column":8},"end":{"line":448,"column":8}}]},"41":{"line":457,"type":"if","locations":[{"start":{"line":457,"column":20},"end":{"line":457,"column":20}},{"start":{"line":457,"column":20},"end":{"line":457,"column":20}}]},"42":{"line":468,"type":"if","locations":[{"start":{"line":468,"column":18},"end":{"line":468,"column":18}},{"start":{"line":468,"column":18},"end":{"line":468,"column":18}}]},"43":{"line":474,"type":"if","locations":[{"start":{"line":474,"column":8},"end":{"line":474,"column":8}},{"start":{"line":474,"column":8},"end":{"line":474,"column":8}}]},"44":{"line":500,"type":"if","locations":[{"start":{"line":500,"column":20},"end":{"line":500,"column":20}},{"start":{"line":500,"column":20},"end":{"line":500,"column":20}}]},"45":{"line":513,"type":"if","locations":[{"start":{"line":513,"column":8},"end":{"line":513,"column":8}},{"start":{"line":513,"column":8},"end":{"line":513,"column":8}}]},"46":{"line":519,"type":"if","locations":[{"start":{"line":519,"column":12},"end":{"line":519,"column":12}},{"start":{"line":519,"column":12},"end":{"line":519,"column":12}}]},"47":{"line":534,"type":"if","locations":[{"start":{"line":534,"column":45},"end":{"line":534,"column":45}},{"start":{"line":534,"column":45},"end":{"line":534,"column":45}}]},"48":{"line":537,"type":"if","locations":[{"start":{"line":537,"column":8},"end":{"line":537,"column":8}},{"start":{"line":537,"column":8},"end":{"line":537,"column":8}}]},"49":{"line":545,"type":"if","locations":[{"start":{"line":545,"column":8},"end":{"line":545,"column":8}},{"start":{"line":545,"column":8},"end":{"line":545,"column":8}}]},"50":{"line":548,"type":"if","locations":[{"start":{"line":548,"column":8},"end":{"line":548,"column":8}},{"start":{"line":548,"column":8},"end":{"line":548,"column":8}}]},"51":{"line":551,"type":"if","locations":[{"start":{"line":551,"column":8},"end":{"line":551,"column":8}},{"start":{"line":551,"column":8},"end":{"line":551,"column":8}}]},"52":{"line":555,"type":"if","locations":[{"start":{"line":555,"column":12},"end":{"line":555,"column":12}},{"start":{"line":555,"column":12},"end":{"line":555,"column":12}}]},"53":{"line":558,"type":"if","locations":[{"start":{"line":558,"column":12},"end":{"line":558,"column":12}},{"start":{"line":558,"column":12},"end":{"line":558,"column":12}}]},"54":{"line":563,"type":"if","locations":[{"start":{"line":563,"column":12},"end":{"line":563,"column":12}},{"start":{"line":563,"column":12},"end":{"line":563,"column":12}}]},"55":{"line":586,"type":"if","locations":[{"start":{"line":586,"column":41},"end":{"line":586,"column":41}},{"start":{"line":586,"column":41},"end":{"line":586,"column":41}}]},"56":{"line":588,"type":"if","locations":[{"start":{"line":588,"column":8},"end":{"line":588,"column":8}},{"start":{"line":588,"column":8},"end":{"line":588,"column":8}}]},"57":{"line":594,"type":"if","locations":[{"start":{"line":594,"column":8},"end":{"line":594,"column":8}},{"start":{"line":594,"column":8},"end":{"line":594,"column":8}}]},"58":{"line":612,"type":"if","locations":[{"start":{"line":612,"column":13},"end":{"line":612,"column":13}},{"start":{"line":612,"column":13},"end":{"line":612,"column":13}}]},"59":{"line":612,"type":"if","locations":[{"start":{"line":612,"column":27},"end":{"line":612,"column":27}},{"start":{"line":612,"column":27},"end":{"line":612,"column":27}}]},"60":{"line":613,"type":"if","locations":[{"start":{"line":613,"column":8},"end":{"line":613,"column":8}},{"start":{"line":613,"column":8},"end":{"line":613,"column":8}}]},"61":{"line":615,"type":"if","locations":[{"start":{"line":615,"column":8},"end":{"line":615,"column":8}},{"start":{"line":615,"column":8},"end":{"line":615,"column":8}}]},"62":{"line":620,"type":"if","locations":[{"start":{"line":620,"column":8},"end":{"line":620,"column":8}},{"start":{"line":620,"column":8},"end":{"line":620,"column":8}}]},"63":{"line":642,"type":"if","locations":[{"start":{"line":642,"column":13},"end":{"line":642,"column":13}},{"start":{"line":642,"column":13},"end":{"line":642,"column":13}}]},"64":{"line":642,"type":"if","locations":[{"start":{"line":642,"column":27},"end":{"line":642,"column":27}},{"start":{"line":642,"column":27},"end":{"line":642,"column":27}}]},"65":{"line":642,"type":"if","locations":[{"start":{"line":642,"column":42},"end":{"line":642,"column":42}},{"start":{"line":642,"column":42},"end":{"line":642,"column":42}}]},"66":{"line":646,"type":"if","locations":[{"start":{"line":646,"column":8},"end":{"line":646,"column":8}},{"start":{"line":646,"column":8},"end":{"line":646,"column":8}}]},"67":{"line":654,"type":"if","locations":[{"start":{"line":654,"column":8},"end":{"line":654,"column":8}},{"start":{"line":654,"column":8},"end":{"line":654,"column":8}}]},"68":{"line":658,"type":"if","locations":[{"start":{"line":658,"column":8},"end":{"line":658,"column":8}},{"start":{"line":658,"column":8},"end":{"line":658,"column":8}}]},"69":{"line":684,"type":"if","locations":[{"start":{"line":684,"column":13},"end":{"line":684,"column":13}},{"start":{"line":684,"column":13},"end":{"line":684,"column":13}}]},"70":{"line":684,"type":"if","locations":[{"start":{"line":684,"column":27},"end":{"line":684,"column":27}},{"start":{"line":684,"column":27},"end":{"line":684,"column":27}}]},"71":{"line":684,"type":"if","locations":[{"start":{"line":684,"column":42},"end":{"line":684,"column":42}},{"start":{"line":684,"column":42},"end":{"line":684,"column":42}}]},"72":{"line":691,"type":"if","locations":[{"start":{"line":691,"column":12},"end":{"line":691,"column":12}},{"start":{"line":691,"column":12},"end":{"line":691,"column":12}}]},"73":{"line":706,"type":"if","locations":[{"start":{"line":706,"column":8},"end":{"line":706,"column":8}},{"start":{"line":706,"column":8},"end":{"line":706,"column":8}}]},"74":{"line":707,"type":"if","locations":[{"start":{"line":707,"column":12},"end":{"line":707,"column":12}},{"start":{"line":707,"column":12},"end":{"line":707,"column":12}}]},"75":{"line":728,"type":"if","locations":[{"start":{"line":728,"column":13},"end":{"line":728,"column":13}},{"start":{"line":728,"column":13},"end":{"line":728,"column":13}}]},"76":{"line":728,"type":"if","locations":[{"start":{"line":728,"column":27},"end":{"line":728,"column":27}},{"start":{"line":728,"column":27},"end":{"line":728,"column":27}}]},"77":{"line":728,"type":"if","locations":[{"start":{"line":728,"column":42},"end":{"line":728,"column":42}},{"start":{"line":728,"column":42},"end":{"line":728,"column":42}}]},"78":{"line":739,"type":"if","locations":[{"start":{"line":739,"column":8},"end":{"line":739,"column":8}},{"start":{"line":739,"column":8},"end":{"line":739,"column":8}}]},"79":{"line":766,"type":"if","locations":[{"start":{"line":766,"column":8},"end":{"line":766,"column":8}},{"start":{"line":766,"column":8},"end":{"line":766,"column":8}}]},"80":{"line":771,"type":"if","locations":[{"start":{"line":771,"column":12},"end":{"line":771,"column":12}},{"start":{"line":771,"column":12},"end":{"line":771,"column":12}}]},"81":{"line":773,"type":"if","locations":[{"start":{"line":773,"column":12},"end":{"line":773,"column":12}},{"start":{"line":773,"column":12},"end":{"line":773,"column":12}}]},"82":{"line":778,"type":"if","locations":[{"start":{"line":778,"column":12},"end":{"line":778,"column":12}},{"start":{"line":778,"column":12},"end":{"line":778,"column":12}}]},"83":{"line":780,"type":"if","locations":[{"start":{"line":780,"column":12},"end":{"line":780,"column":12}},{"start":{"line":780,"column":12},"end":{"line":780,"column":12}}]},"84":{"line":784,"type":"if","locations":[{"start":{"line":784,"column":16},"end":{"line":784,"column":16}},{"start":{"line":784,"column":16},"end":{"line":784,"column":16}}]},"85":{"line":789,"type":"if","locations":[{"start":{"line":789,"column":8},"end":{"line":789,"column":8}},{"start":{"line":789,"column":8},"end":{"line":789,"column":8}}]},"86":{"line":791,"type":"if","locations":[{"start":{"line":791,"column":12},"end":{"line":791,"column":12}},{"start":{"line":791,"column":12},"end":{"line":791,"column":12}}]},"87":{"line":798,"type":"if","locations":[{"start":{"line":798,"column":8},"end":{"line":798,"column":8}},{"start":{"line":798,"column":8},"end":{"line":798,"column":8}}]},"88":{"line":805,"type":"if","locations":[{"start":{"line":805,"column":8},"end":{"line":805,"column":8}},{"start":{"line":805,"column":8},"end":{"line":805,"column":8}}]},"89":{"line":808,"type":"if","locations":[{"start":{"line":808,"column":8},"end":{"line":808,"column":8}},{"start":{"line":808,"column":8},"end":{"line":808,"column":8}}]},"90":{"line":824,"type":"if","locations":[{"start":{"line":824,"column":8},"end":{"line":824,"column":8}},{"start":{"line":824,"column":8},"end":{"line":824,"column":8}}]},"91":{"line":842,"type":"if","locations":[{"start":{"line":842,"column":8},"end":{"line":842,"column":8}},{"start":{"line":842,"column":8},"end":{"line":842,"column":8}}]},"92":{"line":843,"type":"if","locations":[{"start":{"line":843,"column":8},"end":{"line":843,"column":8}},{"start":{"line":843,"column":8},"end":{"line":843,"column":8}}]},"93":{"line":844,"type":"if","locations":[{"start":{"line":844,"column":12},"end":{"line":844,"column":12}},{"start":{"line":844,"column":12},"end":{"line":844,"column":12}}]}}},
"contracts/TestERC20.sol":{"l":{"16":3},"path":"/Users/showmac/Desktop/personal/liyanyan/MetaNodeStake/MetaNodeStake/stake-contract/contracts/TestERC20.sol","s":{"1":3},"b":{},"f":{"1":3},"fnMap":{"1":{"name":"constructor","line":15,"loc":{"start":{"line":11,"column":4},"end":{"line":17,"column":4}}}},"statementMap":{"1":{"start":{"line":16,"column":8},"end":{"line":16,"column":39}}},"branchMap":{}},
"contracts/TestEthReceiver.sol":{"l":{"12":1,"16":1,"20":1,"24":1,"31":1},"path":"/Users/showmac/Desktop/personal/liyanyan/MetaNodeStake/MetaNodeStake/stake-contract/contracts/TestEthReceiver.sol","s":{"1":1,"2":1,"3":1,"4":1},"b":{},"f":{"1":1,"2":1,"3":1,"4":1},"fnMap":{"1":{"name":"depositToStake","line":11,"loc":{"start":{"line":11,"column":4},"end":{"line":13,"column":4}}},"2":{"name":"requestUnstake","line":15,"loc":{"start":{"line":15,"column":4},"end":{"line":17,"column":4}}},"3":{"name":"doWithdraw","line":19,"loc":{"start":{"line":19,"column":4},"end":{"line":21,"column":4}}},"4":{"name":null,"line":30,"loc":{"start":{"line":30,"column":4},"end":{"line":32,"column":4}}}},"statementMap":{"1":{"start":{"line":12,"column":8},"end":{"line":12,"column":55}},"2":{"start":{"line":16,"column":8},"end":{"line":16,"column":45}},"3":{"start":{"line":20,"column":8},"end":{"line":20,"column":38}},"4":{"start":{"line":31,"column":8},"end":{"line":31,"column":31}}},"branchMap":{}},
"contracts/TestEthReceiverFalse.sol":{"l":{"12":1,"16":1,"20":1,"24":1,"31":1},"path":"/Users/showmac/Desktop/personal/liyanyan/MetaNodeStake/MetaNodeStake/stake-contract/contracts/TestEthReceiverFalse.sol","s":{"1":1,"2":1,"3":1,"4":1},"b":{},"f":{"1":1,"2":1,"3":1,"4":1},"fnMap":{"1":{"name":"depositToStake","line":11,"loc":{"start":{"line":11,"column":4},"end":{"line":13,"column":4}}},"2":{"name":"requestUnstake","line":15,"loc":{"start":{"line":15,"column":4},"end":{"line":17,"column":4}}},"3":{"name":"doWithdraw","line":19,"loc":{"start":{"line":19,"column":4},"end":{"line":21,"column":4}}},"4":{"name":null,"line":30,"loc":{"start":{"line":30,"column":4},"end":{"line":32,"column":4}}}},"statementMap":{"1":{"start":{"line":12,"column":8},"end":{"line":12,"column":60}},"2":{"start":{"line":16,"column":8},"end":{"line":16,"column":50}},"3":{"start":{"line":20,"column":8},"end":{"line":20,"column":43}},"4":{"start":{"line":31,"column":8},"end":{"line":31,"column":32}}},"branchMap":{}},
"contracts/TestEthReceiverRevert.sol":{"l":{"12":1,"16":1,"20":1,"24":1,"28":1},"path":"/Users/showmac/Desktop/personal/liyanyan/MetaNodeStake/MetaNodeStake/stake-contract/contracts/TestEthReceiverRevert.sol","s":{"1":1,"2":1,"3":1,"4":1},"b":{},"f":{"1":1,"2":1,"3":1,"4":1},"fnMap":{"1":{"name":"depositToStake","line":11,"loc":{"start":{"line":11,"column":4},"end":{"line":13,"column":4}}},"2":{"name":"requestUnstake","line":15,"loc":{"start":{"line":15,"column":4},"end":{"line":17,"column":4}}},"3":{"name":"doWithdraw","line":19,"loc":{"start":{"line":19,"column":4},"end":{"line":21,"column":4}}},"4":{"name":null,"line":27,"loc":{"start":{"line":27,"column":4},"end":{"line":29,"column":4}}}},"statementMap":{"1":{"start":{"line":12,"column":8},"end":{"line":12,"column":61}},"2":{"start":{"line":16,"column":8},"end":{"line":16,"column":51}},"3":{"start":{"line":20,"column":8},"end":{"line":20,"column":44}},"4":{"start":{"line":28,"column":8},"end":{"line":28,"column":32}}},"branchMap":{}}}
