TN:
SF:/Users/showmac/Desktop/personal/liyanyan/MetaNodeStake/MetaNodeStake/stake-contract/contracts/MetaNode.sol
FN:7,constructor
FNF:1
FNH:1
FNDA:2,constructor
DA:9,2
LF:1
LH:1
BRF:0
BRH:0
end_of_record
TN:
SF:/Users/showmac/Desktop/personal/liyanyan/MetaNodeStake/MetaNodeStake/stake-contract/contracts/MetaNodeStake.sol
FN:173,checkPid
FN:178,whenNotClaimPaused
FN:183,whenNotWithdrawPaused
FN:197,initialize
FN:217,_authorizeUpgrade
FN:224,setMetaNode
FN:234,pauseWithdraw
FN:246,unpauseWithdraw
FN:258,pauseClaim
FN:270,unpauseClaim
FN:282,setStartBlock
FN:297,setEndBlock
FN:314,setMetaNodePerBlock
FN:333,addPool
FN:389,updatePool
FN:404,setPoolWeight
FN:423,poolLength
FN:434,getMultiplier
FN:457,pendingMetaNode
FN:468,pendingMetaNodeByBlockNumber
FN:500,stakingBalance
FN:513,withdrawAmount
FN:534,updatePool
FN:575,massUpdatePools
FN:586,depositETH
FN:612,deposit
FN:642,unstake
FN:684,withdraw
FN:728,claim
FN:760,_deposit
FN:821,_safeMetaNodeTransfer
FN:837,_safeETHTransfer
FNF:32
FNH:25
FNDA:32,checkPid
FNDA:1,whenNotClaimPaused
FNDA:10,whenNotWithdrawPaused
FNDA:1,initialize
FNDA:0,_authorizeUpgrade
FNDA:2,setMetaNode
FNDA:2,pauseWithdraw
FNDA:2,unpauseWithdraw
FNDA:2,pauseClaim
FNDA:1,unpauseClaim
FNDA:1,setStartBlock
FNDA:1,setEndBlock
FNDA:0,setMetaNodePerBlock
FNDA:2,addPool
FNDA:1,updatePool
FNDA:1,setPoolWeight
FNDA:2,poolLength
FNDA:13,getMultiplier
FNDA:0,pendingMetaNode
FNDA:0,pendingMetaNodeByBlockNumber
FNDA:6,stakingBalance
FNDA:0,withdrawAmount
FNDA:12,updatePool
FNDA:2,massUpdatePools
FNDA:4,depositETH
FNDA:1,deposit
FNDA:5,unstake
FNDA:4,withdraw
FNDA:0,claim
FNDA:4,_deposit
FNDA:0,_safeMetaNodeTransfer
FNDA:2,_safeETHTransfer
DA:174,32
DA:175,32
DA:179,1
DA:180,0
DA:184,10
DA:185,9
DA:198,1
DA:203,1
DA:204,1
DA:205,1
DA:206,1
DA:208,1
DA:210,1
DA:211,1
DA:212,1
DA:225,2
DA:227,2
DA:235,2
DA:237,2
DA:239,2
DA:247,2
DA:249,2
DA:251,2
DA:259,2
DA:261,2
DA:263,2
DA:271,1
DA:273,1
DA:275,1
DA:283,1
DA:288,1
DA:290,1
DA:298,1
DA:303,1
DA:305,1
DA:315,0
DA:317,0
DA:319,0
DA:335,2
DA:336,1
DA:341,1
DA:348,2
DA:349,2
DA:351,2
DA:352,0
DA:355,2
DA:358,2
DA:360,2
DA:372,2
DA:390,1
DA:391,1
DA:393,1
DA:405,1
DA:407,1
DA:408,1
DA:411,1
DA:412,1
DA:414,1
DA:424,2
DA:438,13
DA:439,13
DA:440,1
DA:442,13
DA:443,0
DA:445,13
DA:446,13
DA:447,13
DA:448,13
DA:458,0
DA:469,0
DA:470,0
DA:471,0
DA:472,0
DA:474,0
DA:475,0
DA:479,0
DA:481,0
DA:487,0
DA:501,6
DA:516,0
DA:518,0
DA:519,0
DA:520,0
DA:524,0
DA:535,12
DA:537,12
DA:538,0
DA:541,12
DA:545,12
DA:547,12
DA:548,12
DA:550,12
DA:551,12
DA:552,8
DA:555,8
DA:557,8
DA:558,8
DA:560,8
DA:563,8
DA:564,8
DA:567,12
DA:569,12
DA:576,2
DA:577,2
DA:578,4
DA:587,4
DA:588,4
DA:593,4
DA:594,4
DA:599,3
DA:613,1
DA:614,1
DA:615,1
DA:620,1
DA:622,1
DA:629,1
DA:643,5
DA:644,5
DA:646,5
DA:648,4
DA:650,4
DA:654,4
DA:655,3
DA:658,4
DA:659,4
DA:660,4
DA:668,4
DA:669,4
DA:673,4
DA:685,4
DA:686,4
DA:688,4
DA:689,4
DA:690,4
DA:691,4
DA:692,1
DA:694,3
DA:695,3
DA:698,4
DA:699,1
DA:702,4
DA:703,3
DA:706,4
DA:707,3
DA:708,2
DA:710,1
DA:717,4
DA:729,0
DA:730,0
DA:732,0
DA:734,0
DA:739,0
DA:740,0
DA:741,0
DA:744,0
DA:748,0
DA:761,4
DA:762,4
DA:764,4
DA:766,4
DA:768,1
DA:771,1
DA:772,1
DA:773,1
DA:775,1
DA:778,1
DA:780,1
DA:781,1
DA:784,1
DA:785,1
DA:789,4
DA:790,4
DA:791,4
DA:792,4
DA:795,4
DA:798,4
DA:799,4
DA:802,4
DA:805,4
DA:807,4
DA:808,4
DA:810,4
DA:812,4
DA:822,0
DA:824,0
DA:825,0
DA:827,0
DA:838,2
DA:842,2
DA:843,2
DA:844,0
LF:191
LH:155
BRDA:174,1,0,32
BRDA:174,1,1,0
BRDA:179,2,0,0
BRDA:179,2,1,1
BRDA:184,3,0,9
BRDA:184,3,1,1
BRDA:197,4,0,1
BRDA:197,4,1,0
BRDA:198,5,0,1
BRDA:198,5,1,0
BRDA:217,6,0,0
BRDA:217,6,1,0
BRDA:224,7,0,2
BRDA:224,7,1,0
BRDA:234,8,0,2
BRDA:234,8,1,0
BRDA:235,9,0,2
BRDA:235,9,1,0
BRDA:246,10,0,2
BRDA:246,10,1,0
BRDA:247,11,0,2
BRDA:247,11,1,0
BRDA:258,12,0,2
BRDA:258,12,1,0
BRDA:259,13,0,2
BRDA:259,13,1,0
BRDA:270,14,0,1
BRDA:270,14,1,0
BRDA:271,15,0,1
BRDA:271,15,1,0
BRDA:282,16,0,1
BRDA:282,16,1,1
BRDA:283,17,0,1
BRDA:283,17,1,0
BRDA:297,18,0,1
BRDA:297,18,1,0
BRDA:298,19,0,1
BRDA:298,19,1,0
BRDA:314,20,0,0
BRDA:314,20,1,0
BRDA:315,21,0,0
BRDA:315,21,1,0
BRDA:333,22,0,2
BRDA:333,22,1,0
BRDA:335,23,0,1
BRDA:335,23,1,1
BRDA:336,24,0,1
BRDA:336,24,1,0
BRDA:341,25,0,1
BRDA:341,25,1,0
BRDA:348,26,0,2
BRDA:348,26,1,0
BRDA:349,27,0,2
BRDA:349,27,1,0
BRDA:351,28,0,0
BRDA:351,28,1,2
BRDA:356,29,0,2
BRDA:356,29,1,0
BRDA:389,30,0,1
BRDA:389,30,1,0
BRDA:389,31,0,1
BRDA:389,31,1,0
BRDA:404,32,0,1
BRDA:404,32,1,0
BRDA:404,33,0,1
BRDA:404,33,1,0
BRDA:405,34,0,1
BRDA:405,34,1,0
BRDA:407,35,0,1
BRDA:407,35,1,0
BRDA:438,36,0,13
BRDA:438,36,1,0
BRDA:439,37,0,1
BRDA:439,37,1,12
BRDA:442,38,0,0
BRDA:442,38,1,13
BRDA:445,39,0,13
BRDA:445,39,1,0
BRDA:448,40,0,13
BRDA:448,40,1,0
BRDA:457,41,0,0
BRDA:457,41,1,0
BRDA:468,42,0,0
BRDA:468,42,1,0
BRDA:474,43,0,0
BRDA:474,43,1,0
BRDA:500,44,0,6
BRDA:500,44,1,0
BRDA:513,45,0,0
BRDA:513,45,1,0
BRDA:519,46,0,0
BRDA:519,46,1,0
BRDA:534,47,0,12
BRDA:534,47,1,0
BRDA:537,48,0,0
BRDA:537,48,1,12
BRDA:545,49,0,12
BRDA:545,49,1,0
BRDA:548,50,0,12
BRDA:548,50,1,0
BRDA:551,51,0,8
BRDA:551,51,1,4
BRDA:555,52,0,8
BRDA:555,52,1,0
BRDA:558,53,0,8
BRDA:558,53,1,0
BRDA:563,54,0,8
BRDA:563,54,1,0
BRDA:586,55,0,4
BRDA:586,55,1,0
BRDA:588,56,0,4
BRDA:588,56,1,0
BRDA:594,57,0,3
BRDA:594,57,1,1
BRDA:612,58,0,1
BRDA:612,58,1,0
BRDA:612,59,0,1
BRDA:612,59,1,0
BRDA:613,60,0,1
BRDA:613,60,1,0
BRDA:615,61,0,1
BRDA:615,61,1,0
BRDA:620,62,0,1
BRDA:620,62,1,0
BRDA:642,63,0,5
BRDA:642,63,1,0
BRDA:642,64,0,5
BRDA:642,64,1,0
BRDA:642,65,0,5
BRDA:642,65,1,0
BRDA:646,66,0,4
BRDA:646,66,1,1
BRDA:654,67,0,3
BRDA:654,67,1,1
BRDA:658,68,0,4
BRDA:658,68,1,0
BRDA:684,69,0,5
BRDA:684,69,1,0
BRDA:684,70,0,5
BRDA:684,70,1,0
BRDA:684,71,0,4
BRDA:684,71,1,1
BRDA:691,72,0,1
BRDA:691,72,1,3
BRDA:706,73,0,3
BRDA:706,73,1,1
BRDA:707,74,0,2
BRDA:707,74,1,1
BRDA:728,75,0,1
BRDA:728,75,1,0
BRDA:728,76,0,1
BRDA:728,76,1,0
BRDA:728,77,0,0
BRDA:728,77,1,1
BRDA:739,78,0,0
BRDA:739,78,1,0
BRDA:766,79,0,1
BRDA:766,79,1,3
BRDA:771,80,0,1
BRDA:771,80,1,0
BRDA:773,81,0,1
BRDA:773,81,1,0
BRDA:778,82,0,1
BRDA:778,82,1,0
BRDA:780,83,0,1
BRDA:780,83,1,0
BRDA:784,84,0,1
BRDA:784,84,1,0
BRDA:789,85,0,4
BRDA:789,85,1,0
BRDA:791,86,0,4
BRDA:791,86,1,0
BRDA:798,87,0,4
BRDA:798,87,1,0
BRDA:805,88,0,4
BRDA:805,88,1,0
BRDA:808,89,0,4
BRDA:808,89,1,0
BRDA:824,90,0,0
BRDA:824,90,1,0
BRDA:842,91,0,2
BRDA:842,91,1,0
BRDA:843,92,0,0
BRDA:843,92,1,2
BRDA:844,93,0,0
BRDA:844,93,1,0
BRF:186
BRH:95
end_of_record
TN:
SF:/Users/showmac/Desktop/personal/liyanyan/MetaNodeStake/MetaNodeStake/stake-contract/contracts/TestERC20.sol
FN:15,constructor
FNF:1
FNH:0
FNDA:0,constructor
DA:16,0
LF:1
LH:0
BRF:0
BRH:0
end_of_record
