TN:
SF:/Users/showmac/Desktop/personal/liyanyan/MetaNodeStake/MetaNodeStake/stake-contract/contracts/MetaNode.sol
FN:7,constructor
FNF:1
FNH:1
FNDA:2,constructor
DA:9,2
LF:1
LH:1
BRF:0
BRH:0
end_of_record
TN:
SF:/Users/showmac/Desktop/personal/liyanyan/MetaNodeStake/MetaNodeStake/stake-contract/contracts/MetaNodeStake.sol
FN:173,checkPid
FN:178,whenNotClaimPaused
FN:183,whenNotWithdrawPaused
FN:197,initialize
FN:217,_authorizeUpgrade
FN:224,setMetaNode
FN:233,pauseWithdraw
FN:244,unpauseWithdraw
FN:255,pauseClaim
FN:266,unpauseClaim
FN:277,setStartBlock
FN:291,setEndBlock
FN:307,setMetaNodePerBlock
FN:326,addPool
FN:382,updatePool
FN:397,setPoolWeight
FN:415,poolLength
FN:426,getMultiplier
FN:449,pendingMetaNode
FN:460,pendingMetaNodeByBlockNumber
FN:492,stakingBalance
FN:505,withdrawAmount
FN:526,updatePool
FN:567,massUpdatePools
FN:578,depositETH
FN:604,deposit
FN:634,unstake
FN:676,withdraw
FN:720,claim
FN:752,_deposit
FN:813,_safeMetaNodeTransfer
FN:829,_safeETHTransfer
FNF:32
FNH:24
FNDA:25,checkPid
FNDA:0,whenNotClaimPaused
FNDA:6,whenNotWithdrawPaused
FNDA:1,initialize
FNDA:0,_authorizeUpgrade
FNDA:2,setMetaNode
FNDA:1,pauseWithdraw
FNDA:1,unpauseWithdraw
FNDA:1,pauseClaim
FNDA:1,unpauseClaim
FNDA:1,setStartBlock
FNDA:1,setEndBlock
FNDA:0,setMetaNodePerBlock
FNDA:2,addPool
FNDA:1,updatePool
FNDA:1,setPoolWeight
FNDA:2,poolLength
FNDA:11,getMultiplier
FNDA:0,pendingMetaNode
FNDA:0,pendingMetaNodeByBlockNumber
FNDA:6,stakingBalance
FNDA:0,withdrawAmount
FNDA:10,updatePool
FNDA:2,massUpdatePools
FNDA:3,depositETH
FNDA:1,deposit
FNDA:3,unstake
FNDA:3,withdraw
FNDA:0,claim
FNDA:3,_deposit
FNDA:0,_safeMetaNodeTransfer
FNDA:2,_safeETHTransfer
DA:174,25
DA:175,25
DA:179,0
DA:180,0
DA:184,6
DA:185,6
DA:198,1
DA:203,1
DA:204,1
DA:205,1
DA:206,1
DA:208,1
DA:210,1
DA:211,1
DA:212,1
DA:225,2
DA:227,2
DA:234,1
DA:236,1
DA:238,1
DA:245,1
DA:247,1
DA:249,1
DA:256,1
DA:258,1
DA:260,1
DA:267,1
DA:269,1
DA:271,1
DA:278,1
DA:283,1
DA:285,1
DA:292,1
DA:297,1
DA:299,1
DA:308,0
DA:310,0
DA:312,0
DA:328,2
DA:329,1
DA:334,1
DA:341,2
DA:342,2
DA:344,2
DA:345,0
DA:348,2
DA:351,2
DA:353,2
DA:365,2
DA:383,1
DA:384,1
DA:386,1
DA:398,1
DA:400,1
DA:401,1
DA:404,1
DA:405,1
DA:407,1
DA:416,2
DA:430,11
DA:431,11
DA:432,1
DA:434,11
DA:435,0
DA:437,11
DA:438,11
DA:439,11
DA:440,11
DA:450,0
DA:461,0
DA:462,0
DA:463,0
DA:464,0
DA:466,0
DA:467,0
DA:471,0
DA:473,0
DA:479,0
DA:493,6
DA:508,0
DA:510,0
DA:511,0
DA:512,0
DA:516,0
DA:527,10
DA:529,10
DA:530,0
DA:533,10
DA:537,10
DA:539,10
DA:540,10
DA:542,10
DA:543,10
DA:544,6
DA:547,6
DA:549,6
DA:550,6
DA:552,6
DA:555,6
DA:556,6
DA:559,10
DA:561,10
DA:568,2
DA:569,2
DA:570,4
DA:579,3
DA:580,3
DA:585,3
DA:586,3
DA:591,2
DA:605,1
DA:606,1
DA:607,1
DA:612,1
DA:614,1
DA:621,1
DA:635,3
DA:636,3
DA:638,3
DA:640,3
DA:642,3
DA:646,3
DA:647,2
DA:650,3
DA:651,3
DA:652,3
DA:660,3
DA:661,3
DA:665,3
DA:677,3
DA:678,3
DA:680,3
DA:681,3
DA:682,3
DA:683,3
DA:684,0
DA:686,3
DA:687,3
DA:690,3
DA:691,0
DA:694,3
DA:695,3
DA:698,3
DA:699,3
DA:700,2
DA:702,1
DA:709,3
DA:721,0
DA:722,0
DA:724,0
DA:726,0
DA:731,0
DA:732,0
DA:733,0
DA:736,0
DA:740,0
DA:753,3
DA:754,3
DA:756,3
DA:758,3
DA:760,0
DA:763,0
DA:764,0
DA:765,0
DA:767,0
DA:770,0
DA:772,0
DA:773,0
DA:776,0
DA:777,0
DA:781,3
DA:782,3
DA:783,3
DA:784,3
DA:787,3
DA:790,3
DA:791,3
DA:794,3
DA:797,3
DA:799,3
DA:800,3
DA:802,3
DA:804,3
DA:814,0
DA:816,0
DA:817,0
DA:819,0
DA:830,2
DA:834,2
DA:835,2
DA:836,0
LF:191
LH:142
BRDA:174,1,0,25
BRDA:174,1,1,0
BRDA:179,2,0,0
BRDA:179,2,1,0
BRDA:184,3,0,6
BRDA:184,3,1,0
BRDA:197,4,0,1
BRDA:197,4,1,0
BRDA:198,5,0,1
BRDA:198,5,1,0
BRDA:217,6,0,0
BRDA:217,6,1,0
BRDA:224,7,0,2
BRDA:224,7,1,0
BRDA:233,8,0,1
BRDA:233,8,1,0
BRDA:234,9,0,1
BRDA:234,9,1,0
BRDA:244,10,0,1
BRDA:244,10,1,0
BRDA:245,11,0,1
BRDA:245,11,1,0
BRDA:255,12,0,1
BRDA:255,12,1,0
BRDA:256,13,0,1
BRDA:256,13,1,0
BRDA:266,14,0,1
BRDA:266,14,1,0
BRDA:267,15,0,1
BRDA:267,15,1,0
BRDA:277,16,0,1
BRDA:277,16,1,0
BRDA:278,17,0,1
BRDA:278,17,1,0
BRDA:291,18,0,1
BRDA:291,18,1,0
BRDA:292,19,0,1
BRDA:292,19,1,0
BRDA:307,20,0,0
BRDA:307,20,1,0
BRDA:308,21,0,0
BRDA:308,21,1,0
BRDA:326,22,0,2
BRDA:326,22,1,0
BRDA:328,23,0,1
BRDA:328,23,1,1
BRDA:329,24,0,1
BRDA:329,24,1,0
BRDA:334,25,0,1
BRDA:334,25,1,0
BRDA:341,26,0,2
BRDA:341,26,1,0
BRDA:342,27,0,2
BRDA:342,27,1,0
BRDA:344,28,0,0
BRDA:344,28,1,2
BRDA:349,29,0,2
BRDA:349,29,1,0
BRDA:382,30,0,1
BRDA:382,30,1,0
BRDA:382,31,0,1
BRDA:382,31,1,0
BRDA:397,32,0,1
BRDA:397,32,1,0
BRDA:397,33,0,1
BRDA:397,33,1,0
BRDA:398,34,0,1
BRDA:398,34,1,0
BRDA:400,35,0,1
BRDA:400,35,1,0
BRDA:430,36,0,11
BRDA:430,36,1,0
BRDA:431,37,0,1
BRDA:431,37,1,10
BRDA:434,38,0,0
BRDA:434,38,1,11
BRDA:437,39,0,11
BRDA:437,39,1,0
BRDA:440,40,0,11
BRDA:440,40,1,0
BRDA:449,41,0,0
BRDA:449,41,1,0
BRDA:460,42,0,0
BRDA:460,42,1,0
BRDA:466,43,0,0
BRDA:466,43,1,0
BRDA:492,44,0,6
BRDA:492,44,1,0
BRDA:505,45,0,0
BRDA:505,45,1,0
BRDA:511,46,0,0
BRDA:511,46,1,0
BRDA:526,47,0,10
BRDA:526,47,1,0
BRDA:529,48,0,0
BRDA:529,48,1,10
BRDA:537,49,0,10
BRDA:537,49,1,0
BRDA:540,50,0,10
BRDA:540,50,1,0
BRDA:543,51,0,6
BRDA:543,51,1,4
BRDA:547,52,0,6
BRDA:547,52,1,0
BRDA:550,53,0,6
BRDA:550,53,1,0
BRDA:555,54,0,6
BRDA:555,54,1,0
BRDA:578,55,0,3
BRDA:578,55,1,0
BRDA:580,56,0,3
BRDA:580,56,1,0
BRDA:586,57,0,2
BRDA:586,57,1,1
BRDA:604,58,0,1
BRDA:604,58,1,0
BRDA:604,59,0,1
BRDA:604,59,1,0
BRDA:605,60,0,1
BRDA:605,60,1,0
BRDA:607,61,0,1
BRDA:607,61,1,0
BRDA:612,62,0,1
BRDA:612,62,1,0
BRDA:634,63,0,3
BRDA:634,63,1,0
BRDA:634,64,0,3
BRDA:634,64,1,0
BRDA:634,65,0,3
BRDA:634,65,1,0
BRDA:638,66,0,3
BRDA:638,66,1,0
BRDA:646,67,0,2
BRDA:646,67,1,1
BRDA:650,68,0,3
BRDA:650,68,1,0
BRDA:676,69,0,3
BRDA:676,69,1,0
BRDA:676,70,0,3
BRDA:676,70,1,0
BRDA:676,71,0,3
BRDA:676,71,1,0
BRDA:683,72,0,0
BRDA:683,72,1,3
BRDA:698,73,0,3
BRDA:698,73,1,0
BRDA:699,74,0,2
BRDA:699,74,1,1
BRDA:720,75,0,0
BRDA:720,75,1,0
BRDA:720,76,0,0
BRDA:720,76,1,0
BRDA:720,77,0,0
BRDA:720,77,1,0
BRDA:731,78,0,0
BRDA:731,78,1,0
BRDA:758,79,0,0
BRDA:758,79,1,3
BRDA:763,80,0,0
BRDA:763,80,1,0
BRDA:765,81,0,0
BRDA:765,81,1,0
BRDA:770,82,0,0
BRDA:770,82,1,0
BRDA:772,83,0,0
BRDA:772,83,1,0
BRDA:776,84,0,0
BRDA:776,84,1,0
BRDA:781,85,0,3
BRDA:781,85,1,0
BRDA:783,86,0,3
BRDA:783,86,1,0
BRDA:790,87,0,3
BRDA:790,87,1,0
BRDA:797,88,0,3
BRDA:797,88,1,0
BRDA:800,89,0,3
BRDA:800,89,1,0
BRDA:816,90,0,0
BRDA:816,90,1,0
BRDA:834,91,0,2
BRDA:834,91,1,0
BRDA:835,92,0,0
BRDA:835,92,1,2
BRDA:836,93,0,0
BRDA:836,93,1,0
BRF:186
BRH:79
end_of_record
TN:
SF:/Users/showmac/Desktop/personal/liyanyan/MetaNodeStake/MetaNodeStake/stake-contract/contracts/TestERC20.sol
FN:15,constructor
FNF:1
FNH:0
FNDA:0,constructor
DA:16,0
LF:1
LH:0
BRF:0
BRH:0
end_of_record
