{"contracts/MetaNode.sol":{"l":{"9":2},"path":"/Users/showmac/Desktop/personal/liyanyan/MetaNodeStake/MetaNodeStake/stake-contract/contracts/MetaNode.sol","s":{"1":2},"b":{},"f":{"1":2},"fnMap":{"1":{"name":"constructor","line":7,"loc":{"start":{"line":7,"column":4},"end":{"line":10,"column":4}}}},"statementMap":{"1":{"start":{"line":9,"column":9},"end":{"line":9,"column":61}}},"branchMap":{}},"contracts/MetaNodeStake.sol":{"l":{"174":32,"175":32,"179":1,"180":0,"184":10,"185":9,"198":1,"203":1,"204":1,"205":1,"206":1,"208":1,"210":1,"211":1,"212":1,"225":2,"227":2,"235":2,"237":2,"239":2,"247":2,"249":2,"251":2,"259":2,"261":2,"263":2,"271":1,"273":1,"275":1,"283":1,"288":1,"290":1,"298":1,"303":1,"305":1,"315":0,"317":0,"319":0,"335":2,"336":1,"341":1,"348":2,"349":2,"351":2,"352":0,"355":2,"358":2,"360":2,"372":2,"390":1,"391":1,"393":1,"405":1,"407":1,"408":1,"411":1,"412":1,"414":1,"424":2,"438":13,"439":13,"440":1,"442":13,"443":0,"445":13,"446":13,"447":13,"448":13,"458":0,"469":0,"470":0,"471":0,"472":0,"474":0,"475":0,"479":0,"481":0,"487":0,"501":6,"516":0,"518":0,"519":0,"520":0,"524":0,"535":12,"537":12,"538":0,"541":12,"545":12,"547":12,"548":12,"550":12,"551":12,"552":8,"555":8,"557":8,"558":8,"560":8,"563":8,"564":8,"567":12,"569":12,"576":2,"577":2,"578":4,"587":4,"588":4,"593":4,"594":4,"599":3,"613":1,"614":1,"615":1,"620":1,"622":1,"629":1,"643":5,"644":5,"646":5,"648":4,"650":4,"654":4,"655":3,"658":4,"659":4,"660":4,"668":4,"669":4,"673":4,"685":4,"686":4,"688":4,"689":4,"690":4,"691":4,"692":1,"694":3,"695":3,"698":4,"699":1,"702":4,"703":3,"706":4,"707":3,"708":2,"710":1,"717":4,"729":0,"730":0,"732":0,"734":0,"739":0,"740":0,"741":0,"744":0,"748":0,"761":4,"762":4,"764":4,"766":4,"768":1,"771":1,"772":1,"773":1,"775":1,"778":1,"780":1,"781":1,"784":1,"785":1,"789":4,"790":4,"791":4,"792":4,"795":4,"798":4,"799":4,"802":4,"805":4,"807":4,"808":4,"810":4,"812":4,"822":0,"824":0,"825":0,"827":0,"838":2,"842":2,"843":2,"844":0},"path":"/Users/showmac/Desktop/personal/liyanyan/MetaNodeStake/MetaNodeStake/stake-contract/contracts/MetaNodeStake.sol","s":{"1":32,"2":1,"3":10,"4":1,"5":1,"6":1,"7":1,"8":1,"9":1,"10":2,"11":2,"12":2,"13":2,"14":2,"15":2,"16":2,"17":1,"18":1,"19":1,"20":1,"21":1,"22":1,"23":0,"24":0,"25":2,"26":1,"27":1,"28":2,"29":2,"30":2,"31":0,"32":2,"33":2,"34":2,"35":1,"36":1,"37":1,"38":1,"39":1,"40":2,"41":13,"42":13,"43":13,"44":13,"45":13,"46":13,"47":0,"48":0,"49":0,"50":0,"51":0,"52":0,"53":0,"54":0,"55":0,"56":6,"57":0,"58":0,"59":0,"60":12,"61":12,"62":0,"63":12,"64":12,"65":12,"66":12,"67":12,"68":8,"69":8,"70":8,"71":8,"72":8,"73":12,"74":2,"75":2,"76":4,"77":4,"78":4,"79":4,"80":4,"81":3,"82":1,"83":1,"84":1,"85":1,"86":1,"87":1,"88":5,"89":5,"90":5,"91":4,"92":4,"93":4,"94":4,"95":4,"96":4,"97":4,"98":4,"99":4,"100":4,"101":4,"102":4,"103":4,"104":4,"105":3,"106":4,"107":3,"108":2,"109":1,"110":4,"111":0,"112":0,"113":0,"114":0,"115":0,"116":0,"117":0,"118":4,"119":4,"120":4,"121":4,"122":1,"123":1,"124":1,"125":1,"126":1,"127":1,"128":1,"129":1,"130":4,"131":4,"132":4,"133":4,"134":4,"135":4,"136":4,"137":4,"138":4,"139":0,"140":0,"141":0,"142":0,"143":2,"144":2,"145":2,"146":0},"b":{"1":[32,0],"2":[0,1],"3":[9,1],"4":[1,0],"5":[1,0],"6":[0,0],"7":[2,0],"8":[2,0],"9":[2,0],"10":[2,0],"11":[2,0],"12":[2,0],"13":[2,0],"14":[1,0],"15":[1,0],"16":[1,1],"17":[1,0],"18":[1,0],"19":[1,0],"20":[0,0],"21":[0,0],"22":[2,0],"23":[1,1],"24":[1,0],"25":[1,0],"26":[2,0],"27":[2,0],"28":[0,2],"29":[2,0],"30":[1,0],"31":[1,0],"32":[1,0],"33":[1,0],"34":[1,0],"35":[1,0],"36":[13,0],"37":[1,12],"38":[0,13],"39":[13,0],"40":[13,0],"41":[0,0],"42":[0,0],"43":[0,0],"44":[6,0],"45":[0,0],"46":[0,0],"47":[12,0],"48":[0,12],"49":[12,0],"50":[12,0],"51":[8,4],"52":[8,0],"53":[8,0],"54":[8,0],"55":[4,0],"56":[4,0],"57":[3,1],"58":[1,0],"59":[1,0],"60":[1,0],"61":[1,0],"62":[1,0],"63":[5,0],"64":[5,0],"65":[5,0],"66":[4,1],"67":[3,1],"68":[4,0],"69":[5,0],"70":[5,0],"71":[4,1],"72":[1,3],"73":[3,1],"74":[2,1],"75":[1,0],"76":[1,0],"77":[0,1],"78":[0,0],"79":[1,3],"80":[1,0],"81":[1,0],"82":[1,0],"83":[1,0],"84":[1,0],"85":[4,0],"86":[4,0],"87":[4,0],"88":[4,0],"89":[4,0],"90":[0,0],"91":[2,0],"92":[0,2],"93":[0,0]},"f":{"1":32,"2":1,"3":10,"4":1,"5":0,"6":2,"7":2,"8":2,"9":2,"10":1,"11":1,"12":1,"13":0,"14":2,"15":1,"16":1,"17":2,"18":13,"19":0,"20":0,"21":6,"22":0,"23":12,"24":2,"25":4,"26":1,"27":5,"28":4,"29":0,"30":4,"31":0,"32":2},"fnMap":{"1":{"name":"checkPid","line":173,"loc":{"start":{"line":173,"column":4},"end":{"line":176,"column":4}}},"2":{"name":"whenNotClaimPaused","line":178,"loc":{"start":{"line":178,"column":4},"end":{"line":181,"column":4}}},"3":{"name":"whenNotWithdrawPaused","line":183,"loc":{"start":{"line":183,"column":4},"end":{"line":186,"column":4}}},"4":{"name":"initialize","line":197,"loc":{"start":{"line":192,"column":4},"end":{"line":213,"column":4}}},"5":{"name":"_authorizeUpgrade","line":217,"loc":{"start":{"line":215,"column":4},"end":{"line":217,"column":48}}},"6":{"name":"setMetaNode","line":224,"loc":{"start":{"line":224,"column":4},"end":{"line":228,"column":4}}},"7":{"name":"pauseWithdraw","line":234,"loc":{"start":{"line":234,"column":4},"end":{"line":240,"column":4}}},"8":{"name":"unpauseWithdraw","line":246,"loc":{"start":{"line":246,"column":4},"end":{"line":252,"column":4}}},"9":{"name":"pauseClaim","line":258,"loc":{"start":{"line":258,"column":4},"end":{"line":264,"column":4}}},"10":{"name":"unpauseClaim","line":270,"loc":{"start":{"line":270,"column":4},"end":{"line":276,"column":4}}},"11":{"name":"setStartBlock","line":282,"loc":{"start":{"line":282,"column":4},"end":{"line":291,"column":4}}},"12":{"name":"setEndBlock","line":297,"loc":{"start":{"line":297,"column":4},"end":{"line":306,"column":4}}},"13":{"name":"setMetaNodePerBlock","line":314,"loc":{"start":{"line":312,"column":4},"end":{"line":320,"column":4}}},"14":{"name":"addPool","line":333,"loc":{"start":{"line":327,"column":4},"end":{"line":379,"column":4}}},"15":{"name":"updatePool","line":389,"loc":{"start":{"line":385,"column":4},"end":{"line":394,"column":4}}},"16":{"name":"setPoolWeight","line":404,"loc":{"start":{"line":400,"column":4},"end":{"line":415,"column":4}}},"17":{"name":"poolLength","line":423,"loc":{"start":{"line":423,"column":4},"end":{"line":425,"column":4}}},"18":{"name":"getMultiplier","line":434,"loc":{"start":{"line":434,"column":4},"end":{"line":449,"column":4}}},"19":{"name":"pendingMetaNode","line":457,"loc":{"start":{"line":454,"column":4},"end":{"line":459,"column":4}}},"20":{"name":"pendingMetaNodeByBlockNumber","line":468,"loc":{"start":{"line":464,"column":4},"end":{"line":492,"column":4}}},"21":{"name":"stakingBalance","line":500,"loc":{"start":{"line":497,"column":4},"end":{"line":502,"column":4}}},"22":{"name":"withdrawAmount","line":513,"loc":{"start":{"line":507,"column":4},"end":{"line":526,"column":4}}},"23":{"name":"updatePool","line":534,"loc":{"start":{"line":534,"column":4},"end":{"line":570,"column":4}}},"24":{"name":"massUpdatePools","line":575,"loc":{"start":{"line":575,"column":4},"end":{"line":580,"column":4}}},"25":{"name":"depositETH","line":586,"loc":{"start":{"line":586,"column":4},"end":{"line":600,"column":4}}},"26":{"name":"deposit","line":612,"loc":{"start":{"line":609,"column":4},"end":{"line":630,"column":4}}},"27":{"name":"unstake","line":642,"loc":{"start":{"line":639,"column":4},"end":{"line":674,"column":4}}},"28":{"name":"withdraw","line":684,"loc":{"start":{"line":682,"column":4},"end":{"line":718,"column":4}}},"29":{"name":"claim","line":728,"loc":{"start":{"line":726,"column":4},"end":{"line":749,"column":4}}},"30":{"name":"_deposit","line":760,"loc":{"start":{"line":760,"column":4},"end":{"line":813,"column":4}}},"31":{"name":"_safeMetaNodeTransfer","line":821,"loc":{"start":{"line":821,"column":4},"end":{"line":829,"column":4}}},"32":{"name":"_safeETHTransfer","line":837,"loc":{"start":{"line":837,"column":4},"end":{"line":849,"column":4}}}},"statementMap":{"1":{"start":{"line":174,"column":8},"end":{"line":174,"column":49}},"2":{"start":{"line":179,"column":8},"end":{"line":179,"column":47}},"3":{"start":{"line":184,"column":8},"end":{"line":184,"column":53}},"4":{"start":{"line":198,"column":8},"end":{"line":198,"column":5714}},"5":{"start":{"line":203,"column":8},"end":{"line":203,"column":29}},"6":{"start":{"line":204,"column":8},"end":{"line":204,"column":49}},"7":{"start":{"line":205,"column":8},"end":{"line":205,"column":43}},"8":{"start":{"line":206,"column":8},"end":{"line":206,"column":41}},"9":{"start":{"line":208,"column":8},"end":{"line":208,"column":29}},"10":{"start":{"line":227,"column":8},"end":{"line":227,"column":34}},"11":{"start":{"line":235,"column":8},"end":{"line":235,"column":67}},"12":{"start":{"line":239,"column":8},"end":{"line":239,"column":28}},"13":{"start":{"line":247,"column":8},"end":{"line":247,"column":68}},"14":{"start":{"line":251,"column":8},"end":{"line":251,"column":30}},"15":{"start":{"line":259,"column":8},"end":{"line":259,"column":61}},"16":{"start":{"line":263,"column":8},"end":{"line":263,"column":25}},"17":{"start":{"line":271,"column":8},"end":{"line":271,"column":62}},"18":{"start":{"line":275,"column":8},"end":{"line":275,"column":27}},"19":{"start":{"line":283,"column":8},"end":{"line":283,"column":7990}},"20":{"start":{"line":290,"column":8},"end":{"line":290,"column":39}},"21":{"start":{"line":298,"column":8},"end":{"line":298,"column":8372}},"22":{"start":{"line":305,"column":8},"end":{"line":305,"column":35}},"23":{"start":{"line":315,"column":8},"end":{"line":315,"column":58}},"24":{"start":{"line":319,"column":8},"end":{"line":319,"column":51}},"25":{"start":{"line":335,"column":8},"end":{"line":335,"column":9518}},"26":{"start":{"line":336,"column":12},"end":{"line":336,"column":9557}},"27":{"start":{"line":341,"column":12},"end":{"line":341,"column":9707}},"28":{"start":{"line":348,"column":8},"end":{"line":348,"column":74}},"29":{"start":{"line":349,"column":8},"end":{"line":349,"column":56}},"30":{"start":{"line":351,"column":8},"end":{"line":351,"column":10102}},"31":{"start":{"line":352,"column":12},"end":{"line":352,"column":28}},"32":{"start":{"line":355,"column":8},"end":{"line":355,"column":10187}},"33":{"start":{"line":360,"column":8},"end":{"line":360,"column":10342}},"34":{"start":{"line":372,"column":8},"end":{"line":372,"column":10730}},"35":{"start":{"line":393,"column":8},"end":{"line":393,"column":74}},"36":{"start":{"line":405,"column":8},"end":{"line":405,"column":54}},"37":{"start":{"line":407,"column":8},"end":{"line":407,"column":11761}},"38":{"start":{"line":408,"column":12},"end":{"line":408,"column":28}},"39":{"start":{"line":414,"column":8},"end":{"line":414,"column":62}},"40":{"start":{"line":424,"column":8},"end":{"line":424,"column":26}},"41":{"start":{"line":438,"column":8},"end":{"line":438,"column":45}},"42":{"start":{"line":439,"column":8},"end":{"line":439,"column":12762}},"43":{"start":{"line":442,"column":8},"end":{"line":442,"column":12838}},"44":{"start":{"line":445,"column":8},"end":{"line":445,"column":74}},"45":{"start":{"line":446,"column":8},"end":{"line":446,"column":20}},"46":{"start":{"line":448,"column":8},"end":{"line":448,"column":46}},"47":{"start":{"line":458,"column":8},"end":{"line":458,"column":70}},"48":{"start":{"line":469,"column":8},"end":{"line":469,"column":39}},"49":{"start":{"line":470,"column":8},"end":{"line":470,"column":46}},"50":{"start":{"line":471,"column":8},"end":{"line":471,"column":57}},"51":{"start":{"line":472,"column":8},"end":{"line":472,"column":46}},"52":{"start":{"line":474,"column":8},"end":{"line":474,"column":13874}},"53":{"start":{"line":475,"column":12},"end":{"line":475,"column":13952}},"54":{"start":{"line":479,"column":12},"end":{"line":479,"column":14101}},"55":{"start":{"line":487,"column":8},"end":{"line":487,"column":14355}},"56":{"start":{"line":501,"column":8},"end":{"line":501,"column":41}},"57":{"start":{"line":516,"column":8},"end":{"line":516,"column":46}},"58":{"start":{"line":518,"column":8},"end":{"line":518,"column":15123}},"59":{"start":{"line":519,"column":12},"end":{"line":519,"column":15193}},"60":{"start":{"line":535,"column":8},"end":{"line":535,"column":39}},"61":{"start":{"line":537,"column":8},"end":{"line":537,"column":15839}},"62":{"start":{"line":538,"column":12},"end":{"line":538,"column":18}},"63":{"start":{"line":541,"column":8},"end":{"line":541,"column":15949}},"64":{"start":{"line":545,"column":8},"end":{"line":545,"column":36}},"65":{"start":{"line":548,"column":8},"end":{"line":548,"column":36}},"66":{"start":{"line":550,"column":8},"end":{"line":550,"column":46}},"67":{"start":{"line":551,"column":8},"end":{"line":551,"column":16286}},"68":{"start":{"line":552,"column":12},"end":{"line":552,"column":16323}},"69":{"start":{"line":555,"column":12},"end":{"line":555,"column":40}},"70":{"start":{"line":558,"column":12},"end":{"line":558,"column":40}},"71":{"start":{"line":560,"column":12},"end":{"line":560,"column":16626}},"72":{"start":{"line":563,"column":12},"end":{"line":563,"column":40}},"73":{"start":{"line":569,"column":8},"end":{"line":569,"column":67}},"74":{"start":{"line":576,"column":8},"end":{"line":576,"column":36}},"75":{"start":{"line":577,"column":8},"end":{"line":577,"column":17136}},"76":{"start":{"line":578,"column":12},"end":{"line":578,"column":26}},"77":{"start":{"line":587,"column":8},"end":{"line":587,"column":42}},"78":{"start":{"line":588,"column":8},"end":{"line":588,"column":17426}},"79":{"start":{"line":593,"column":8},"end":{"line":593,"column":35}},"80":{"start":{"line":594,"column":8},"end":{"line":594,"column":17586}},"81":{"start":{"line":599,"column":8},"end":{"line":599,"column":33}},"82":{"start":{"line":613,"column":8},"end":{"line":613,"column":60}},"83":{"start":{"line":614,"column":8},"end":{"line":614,"column":39}},"84":{"start":{"line":615,"column":8},"end":{"line":615,"column":18281}},"85":{"start":{"line":620,"column":8},"end":{"line":620,"column":18398}},"86":{"start":{"line":622,"column":12},"end":{"line":622,"column":18465}},"87":{"start":{"line":629,"column":8},"end":{"line":629,"column":30}},"88":{"start":{"line":643,"column":8},"end":{"line":643,"column":39}},"89":{"start":{"line":644,"column":8},"end":{"line":644,"column":51}},"90":{"start":{"line":646,"column":8},"end":{"line":646,"column":77}},"91":{"start":{"line":648,"column":8},"end":{"line":648,"column":23}},"92":{"start":{"line":650,"column":8},"end":{"line":650,"column":19249}},"93":{"start":{"line":654,"column":8},"end":{"line":654,"column":19363}},"94":{"start":{"line":658,"column":8},"end":{"line":658,"column":19488}},"95":{"start":{"line":660,"column":12},"end":{"line":660,"column":19578}},"96":{"start":{"line":673,"column":8},"end":{"line":673,"column":54}},"97":{"start":{"line":685,"column":8},"end":{"line":685,"column":39}},"98":{"start":{"line":686,"column":8},"end":{"line":686,"column":51}},"99":{"start":{"line":688,"column":8},"end":{"line":688,"column":32}},"100":{"start":{"line":689,"column":8},"end":{"line":689,"column":23}},"101":{"start":{"line":690,"column":8},"end":{"line":690,"column":20447}},"102":{"start":{"line":691,"column":12},"end":{"line":691,"column":20517}},"103":{"start":{"line":698,"column":8},"end":{"line":698,"column":20721}},"104":{"start":{"line":702,"column":8},"end":{"line":702,"column":20865}},"105":{"start":{"line":703,"column":12},"end":{"line":703,"column":31}},"106":{"start":{"line":706,"column":8},"end":{"line":706,"column":20958}},"107":{"start":{"line":707,"column":12},"end":{"line":707,"column":21002}},"108":{"start":{"line":708,"column":16},"end":{"line":708,"column":61}},"109":{"start":{"line":710,"column":16},"end":{"line":710,"column":21151}},"110":{"start":{"line":717,"column":8},"end":{"line":717,"column":71}},"111":{"start":{"line":729,"column":8},"end":{"line":729,"column":39}},"112":{"start":{"line":730,"column":8},"end":{"line":730,"column":51}},"113":{"start":{"line":732,"column":8},"end":{"line":732,"column":23}},"114":{"start":{"line":734,"column":8},"end":{"line":734,"column":21787}},"115":{"start":{"line":739,"column":8},"end":{"line":739,"column":21938}},"116":{"start":{"line":741,"column":12},"end":{"line":741,"column":62}},"117":{"start":{"line":748,"column":8},"end":{"line":748,"column":54}},"118":{"start":{"line":761,"column":8},"end":{"line":761,"column":39}},"119":{"start":{"line":762,"column":8},"end":{"line":762,"column":51}},"120":{"start":{"line":764,"column":8},"end":{"line":764,"column":23}},"121":{"start":{"line":766,"column":8},"end":{"line":766,"column":22781}},"122":{"start":{"line":768,"column":12},"end":{"line":768,"column":22911}},"123":{"start":{"line":771,"column":12},"end":{"line":771,"column":75}},"124":{"start":{"line":773,"column":12},"end":{"line":773,"column":58}},"125":{"start":{"line":775,"column":12},"end":{"line":775,"column":23228}},"126":{"start":{"line":778,"column":12},"end":{"line":778,"column":67}},"127":{"start":{"line":780,"column":12},"end":{"line":780,"column":23422}},"128":{"start":{"line":781,"column":16},"end":{"line":781,"column":23499}},"129":{"start":{"line":784,"column":16},"end":{"line":784,"column":65}},"130":{"start":{"line":789,"column":8},"end":{"line":789,"column":23755}},"131":{"start":{"line":790,"column":12},"end":{"line":790,"column":78}},"132":{"start":{"line":791,"column":12},"end":{"line":791,"column":54}},"133":{"start":{"line":795,"column":8},"end":{"line":795,"column":23970}},"134":{"start":{"line":798,"column":8},"end":{"line":798,"column":55}},"135":{"start":{"line":802,"column":8},"end":{"line":802,"column":24274}},"136":{"start":{"line":805,"column":8},"end":{"line":805,"column":71}},"137":{"start":{"line":808,"column":8},"end":{"line":808,"column":65}},"138":{"start":{"line":812,"column":8},"end":{"line":812,"column":47}},"139":{"start":{"line":822,"column":8},"end":{"line":822,"column":63}},"140":{"start":{"line":824,"column":8},"end":{"line":824,"column":25128}},"141":{"start":{"line":825,"column":12},"end":{"line":825,"column":46}},"142":{"start":{"line":827,"column":12},"end":{"line":827,"column":42}},"143":{"start":{"line":838,"column":8},"end":{"line":838,"column":25543}},"144":{"start":{"line":842,"column":8},"end":{"line":842,"column":51}},"145":{"start":{"line":843,"column":8},"end":{"line":843,"column":25702}},"146":{"start":{"line":844,"column":12},"end":{"line":844,"column":25741}}},"branchMap":{"1":{"line":174,"type":"if","locations":[{"start":{"line":174,"column":8},"end":{"line":174,"column":8}},{"start":{"line":174,"column":8},"end":{"line":174,"column":8}}]},"2":{"line":179,"type":"if","locations":[{"start":{"line":179,"column":8},"end":{"line":179,"column":8}},{"start":{"line":179,"column":8},"end":{"line":179,"column":8}}]},"3":{"line":184,"type":"if","locations":[{"start":{"line":184,"column":8},"end":{"line":184,"column":8}},{"start":{"line":184,"column":8},"end":{"line":184,"column":8}}]},"4":{"line":197,"type":"if","locations":[{"start":{"line":197,"column":13},"end":{"line":197,"column":13}},{"start":{"line":197,"column":13},"end":{"line":197,"column":13}}]},"5":{"line":198,"type":"if","locations":[{"start":{"line":198,"column":8},"end":{"line":198,"column":8}},{"start":{"line":198,"column":8},"end":{"line":198,"column":8}}]},"6":{"line":217,"type":"if","locations":[{"start":{"line":217,"column":24},"end":{"line":217,"column":24}},{"start":{"line":217,"column":24},"end":{"line":217,"column":24}}]},"7":{"line":224,"type":"if","locations":[{"start":{"line":224,"column":50},"end":{"line":224,"column":50}},{"start":{"line":224,"column":50},"end":{"line":224,"column":50}}]},"8":{"line":234,"type":"if","locations":[{"start":{"line":234,"column":36},"end":{"line":234,"column":36}},{"start":{"line":234,"column":36},"end":{"line":234,"column":36}}]},"9":{"line":235,"type":"if","locations":[{"start":{"line":235,"column":8},"end":{"line":235,"column":8}},{"start":{"line":235,"column":8},"end":{"line":235,"column":8}}]},"10":{"line":246,"type":"if","locations":[{"start":{"line":246,"column":38},"end":{"line":246,"column":38}},{"start":{"line":246,"column":38},"end":{"line":246,"column":38}}]},"11":{"line":247,"type":"if","locations":[{"start":{"line":247,"column":8},"end":{"line":247,"column":8}},{"start":{"line":247,"column":8},"end":{"line":247,"column":8}}]},"12":{"line":258,"type":"if","locations":[{"start":{"line":258,"column":33},"end":{"line":258,"column":33}},{"start":{"line":258,"column":33},"end":{"line":258,"column":33}}]},"13":{"line":259,"type":"if","locations":[{"start":{"line":259,"column":8},"end":{"line":259,"column":8}},{"start":{"line":259,"column":8},"end":{"line":259,"column":8}}]},"14":{"line":270,"type":"if","locations":[{"start":{"line":270,"column":35},"end":{"line":270,"column":35}},{"start":{"line":270,"column":35},"end":{"line":270,"column":35}}]},"15":{"line":271,"type":"if","locations":[{"start":{"line":271,"column":8},"end":{"line":271,"column":8}},{"start":{"line":271,"column":8},"end":{"line":271,"column":8}}]},"16":{"line":282,"type":"if","locations":[{"start":{"line":282,"column":55},"end":{"line":282,"column":55}},{"start":{"line":282,"column":55},"end":{"line":282,"column":55}}]},"17":{"line":283,"type":"if","locations":[{"start":{"line":283,"column":8},"end":{"line":283,"column":8}},{"start":{"line":283,"column":8},"end":{"line":283,"column":8}}]},"18":{"line":297,"type":"if","locations":[{"start":{"line":297,"column":51},"end":{"line":297,"column":51}},{"start":{"line":297,"column":51},"end":{"line":297,"column":51}}]},"19":{"line":298,"type":"if","locations":[{"start":{"line":298,"column":8},"end":{"line":298,"column":8}},{"start":{"line":298,"column":8},"end":{"line":298,"column":8}}]},"20":{"line":314,"type":"if","locations":[{"start":{"line":314,"column":13},"end":{"line":314,"column":13}},{"start":{"line":314,"column":13},"end":{"line":314,"column":13}}]},"21":{"line":315,"type":"if","locations":[{"start":{"line":315,"column":8},"end":{"line":315,"column":8}},{"start":{"line":315,"column":8},"end":{"line":315,"column":8}}]},"22":{"line":333,"type":"if","locations":[{"start":{"line":333,"column":13},"end":{"line":333,"column":13}},{"start":{"line":333,"column":13},"end":{"line":333,"column":13}}]},"23":{"line":335,"type":"if","locations":[{"start":{"line":335,"column":8},"end":{"line":335,"column":8}},{"start":{"line":335,"column":8},"end":{"line":335,"column":8}}]},"24":{"line":336,"type":"if","locations":[{"start":{"line":336,"column":12},"end":{"line":336,"column":12}},{"start":{"line":336,"column":12},"end":{"line":336,"column":12}}]},"25":{"line":341,"type":"if","locations":[{"start":{"line":341,"column":12},"end":{"line":341,"column":12}},{"start":{"line":341,"column":12},"end":{"line":341,"column":12}}]},"26":{"line":348,"type":"if","locations":[{"start":{"line":348,"column":8},"end":{"line":348,"column":8}},{"start":{"line":348,"column":8},"end":{"line":348,"column":8}}]},"27":{"line":349,"type":"if","locations":[{"start":{"line":349,"column":8},"end":{"line":349,"column":8}},{"start":{"line":349,"column":8},"end":{"line":349,"column":8}}]},"28":{"line":351,"type":"if","locations":[{"start":{"line":351,"column":8},"end":{"line":351,"column":8}},{"start":{"line":351,"column":8},"end":{"line":351,"column":8}}]},"29":{"line":356,"type":"if","locations":[{"start":{"line":356,"column":14},"end":{"line":356,"column":25}},{"start":{"line":357,"column":14},"end":{"line":357,"column":23}}]},"30":{"line":389,"type":"if","locations":[{"start":{"line":389,"column":13},"end":{"line":389,"column":13}},{"start":{"line":389,"column":13},"end":{"line":389,"column":13}}]},"31":{"line":389,"type":"if","locations":[{"start":{"line":389,"column":34},"end":{"line":389,"column":34}},{"start":{"line":389,"column":34},"end":{"line":389,"column":34}}]},"32":{"line":404,"type":"if","locations":[{"start":{"line":404,"column":13},"end":{"line":404,"column":13}},{"start":{"line":404,"column":13},"end":{"line":404,"column":13}}]},"33":{"line":404,"type":"if","locations":[{"start":{"line":404,"column":34},"end":{"line":404,"column":34}},{"start":{"line":404,"column":34},"end":{"line":404,"column":34}}]},"34":{"line":405,"type":"if","locations":[{"start":{"line":405,"column":8},"end":{"line":405,"column":8}},{"start":{"line":405,"column":8},"end":{"line":405,"column":8}}]},"35":{"line":407,"type":"if","locations":[{"start":{"line":407,"column":8},"end":{"line":407,"column":8}},{"start":{"line":407,"column":8},"end":{"line":407,"column":8}}]},"36":{"line":438,"type":"if","locations":[{"start":{"line":438,"column":8},"end":{"line":438,"column":8}},{"start":{"line":438,"column":8},"end":{"line":438,"column":8}}]},"37":{"line":439,"type":"if","locations":[{"start":{"line":439,"column":8},"end":{"line":439,"column":8}},{"start":{"line":439,"column":8},"end":{"line":439,"column":8}}]},"38":{"line":442,"type":"if","locations":[{"start":{"line":442,"column":8},"end":{"line":442,"column":8}},{"start":{"line":442,"column":8},"end":{"line":442,"column":8}}]},"39":{"line":445,"type":"if","locations":[{"start":{"line":445,"column":8},"end":{"line":445,"column":8}},{"start":{"line":445,"column":8},"end":{"line":445,"column":8}}]},"40":{"line":448,"type":"if","locations":[{"start":{"line":448,"column":8},"end":{"line":448,"column":8}},{"start":{"line":448,"column":8},"end":{"line":448,"column":8}}]},"41":{"line":457,"type":"if","locations":[{"start":{"line":457,"column":20},"end":{"line":457,"column":20}},{"start":{"line":457,"column":20},"end":{"line":457,"column":20}}]},"42":{"line":468,"type":"if","locations":[{"start":{"line":468,"column":18},"end":{"line":468,"column":18}},{"start":{"line":468,"column":18},"end":{"line":468,"column":18}}]},"43":{"line":474,"type":"if","locations":[{"start":{"line":474,"column":8},"end":{"line":474,"column":8}},{"start":{"line":474,"column":8},"end":{"line":474,"column":8}}]},"44":{"line":500,"type":"if","locations":[{"start":{"line":500,"column":20},"end":{"line":500,"column":20}},{"start":{"line":500,"column":20},"end":{"line":500,"column":20}}]},"45":{"line":513,"type":"if","locations":[{"start":{"line":513,"column":8},"end":{"line":513,"column":8}},{"start":{"line":513,"column":8},"end":{"line":513,"column":8}}]},"46":{"line":519,"type":"if","locations":[{"start":{"line":519,"column":12},"end":{"line":519,"column":12}},{"start":{"line":519,"column":12},"end":{"line":519,"column":12}}]},"47":{"line":534,"type":"if","locations":[{"start":{"line":534,"column":45},"end":{"line":534,"column":45}},{"start":{"line":534,"column":45},"end":{"line":534,"column":45}}]},"48":{"line":537,"type":"if","locations":[{"start":{"line":537,"column":8},"end":{"line":537,"column":8}},{"start":{"line":537,"column":8},"end":{"line":537,"column":8}}]},"49":{"line":545,"type":"if","locations":[{"start":{"line":545,"column":8},"end":{"line":545,"column":8}},{"start":{"line":545,"column":8},"end":{"line":545,"column":8}}]},"50":{"line":548,"type":"if","locations":[{"start":{"line":548,"column":8},"end":{"line":548,"column":8}},{"start":{"line":548,"column":8},"end":{"line":548,"column":8}}]},"51":{"line":551,"type":"if","locations":[{"start":{"line":551,"column":8},"end":{"line":551,"column":8}},{"start":{"line":551,"column":8},"end":{"line":551,"column":8}}]},"52":{"line":555,"type":"if","locations":[{"start":{"line":555,"column":12},"end":{"line":555,"column":12}},{"start":{"line":555,"column":12},"end":{"line":555,"column":12}}]},"53":{"line":558,"type":"if","locations":[{"start":{"line":558,"column":12},"end":{"line":558,"column":12}},{"start":{"line":558,"column":12},"end":{"line":558,"column":12}}]},"54":{"line":563,"type":"if","locations":[{"start":{"line":563,"column":12},"end":{"line":563,"column":12}},{"start":{"line":563,"column":12},"end":{"line":563,"column":12}}]},"55":{"line":586,"type":"if","locations":[{"start":{"line":586,"column":41},"end":{"line":586,"column":41}},{"start":{"line":586,"column":41},"end":{"line":586,"column":41}}]},"56":{"line":588,"type":"if","locations":[{"start":{"line":588,"column":8},"end":{"line":588,"column":8}},{"start":{"line":588,"column":8},"end":{"line":588,"column":8}}]},"57":{"line":594,"type":"if","locations":[{"start":{"line":594,"column":8},"end":{"line":594,"column":8}},{"start":{"line":594,"column":8},"end":{"line":594,"column":8}}]},"58":{"line":612,"type":"if","locations":[{"start":{"line":612,"column":13},"end":{"line":612,"column":13}},{"start":{"line":612,"column":13},"end":{"line":612,"column":13}}]},"59":{"line":612,"type":"if","locations":[{"start":{"line":612,"column":27},"end":{"line":612,"column":27}},{"start":{"line":612,"column":27},"end":{"line":612,"column":27}}]},"60":{"line":613,"type":"if","locations":[{"start":{"line":613,"column":8},"end":{"line":613,"column":8}},{"start":{"line":613,"column":8},"end":{"line":613,"column":8}}]},"61":{"line":615,"type":"if","locations":[{"start":{"line":615,"column":8},"end":{"line":615,"column":8}},{"start":{"line":615,"column":8},"end":{"line":615,"column":8}}]},"62":{"line":620,"type":"if","locations":[{"start":{"line":620,"column":8},"end":{"line":620,"column":8}},{"start":{"line":620,"column":8},"end":{"line":620,"column":8}}]},"63":{"line":642,"type":"if","locations":[{"start":{"line":642,"column":13},"end":{"line":642,"column":13}},{"start":{"line":642,"column":13},"end":{"line":642,"column":13}}]},"64":{"line":642,"type":"if","locations":[{"start":{"line":642,"column":27},"end":{"line":642,"column":27}},{"start":{"line":642,"column":27},"end":{"line":642,"column":27}}]},"65":{"line":642,"type":"if","locations":[{"start":{"line":642,"column":42},"end":{"line":642,"column":42}},{"start":{"line":642,"column":42},"end":{"line":642,"column":42}}]},"66":{"line":646,"type":"if","locations":[{"start":{"line":646,"column":8},"end":{"line":646,"column":8}},{"start":{"line":646,"column":8},"end":{"line":646,"column":8}}]},"67":{"line":654,"type":"if","locations":[{"start":{"line":654,"column":8},"end":{"line":654,"column":8}},{"start":{"line":654,"column":8},"end":{"line":654,"column":8}}]},"68":{"line":658,"type":"if","locations":[{"start":{"line":658,"column":8},"end":{"line":658,"column":8}},{"start":{"line":658,"column":8},"end":{"line":658,"column":8}}]},"69":{"line":684,"type":"if","locations":[{"start":{"line":684,"column":13},"end":{"line":684,"column":13}},{"start":{"line":684,"column":13},"end":{"line":684,"column":13}}]},"70":{"line":684,"type":"if","locations":[{"start":{"line":684,"column":27},"end":{"line":684,"column":27}},{"start":{"line":684,"column":27},"end":{"line":684,"column":27}}]},"71":{"line":684,"type":"if","locations":[{"start":{"line":684,"column":42},"end":{"line":684,"column":42}},{"start":{"line":684,"column":42},"end":{"line":684,"column":42}}]},"72":{"line":691,"type":"if","locations":[{"start":{"line":691,"column":12},"end":{"line":691,"column":12}},{"start":{"line":691,"column":12},"end":{"line":691,"column":12}}]},"73":{"line":706,"type":"if","locations":[{"start":{"line":706,"column":8},"end":{"line":706,"column":8}},{"start":{"line":706,"column":8},"end":{"line":706,"column":8}}]},"74":{"line":707,"type":"if","locations":[{"start":{"line":707,"column":12},"end":{"line":707,"column":12}},{"start":{"line":707,"column":12},"end":{"line":707,"column":12}}]},"75":{"line":728,"type":"if","locations":[{"start":{"line":728,"column":13},"end":{"line":728,"column":13}},{"start":{"line":728,"column":13},"end":{"line":728,"column":13}}]},"76":{"line":728,"type":"if","locations":[{"start":{"line":728,"column":27},"end":{"line":728,"column":27}},{"start":{"line":728,"column":27},"end":{"line":728,"column":27}}]},"77":{"line":728,"type":"if","locations":[{"start":{"line":728,"column":42},"end":{"line":728,"column":42}},{"start":{"line":728,"column":42},"end":{"line":728,"column":42}}]},"78":{"line":739,"type":"if","locations":[{"start":{"line":739,"column":8},"end":{"line":739,"column":8}},{"start":{"line":739,"column":8},"end":{"line":739,"column":8}}]},"79":{"line":766,"type":"if","locations":[{"start":{"line":766,"column":8},"end":{"line":766,"column":8}},{"start":{"line":766,"column":8},"end":{"line":766,"column":8}}]},"80":{"line":771,"type":"if","locations":[{"start":{"line":771,"column":12},"end":{"line":771,"column":12}},{"start":{"line":771,"column":12},"end":{"line":771,"column":12}}]},"81":{"line":773,"type":"if","locations":[{"start":{"line":773,"column":12},"end":{"line":773,"column":12}},{"start":{"line":773,"column":12},"end":{"line":773,"column":12}}]},"82":{"line":778,"type":"if","locations":[{"start":{"line":778,"column":12},"end":{"line":778,"column":12}},{"start":{"line":778,"column":12},"end":{"line":778,"column":12}}]},"83":{"line":780,"type":"if","locations":[{"start":{"line":780,"column":12},"end":{"line":780,"column":12}},{"start":{"line":780,"column":12},"end":{"line":780,"column":12}}]},"84":{"line":784,"type":"if","locations":[{"start":{"line":784,"column":16},"end":{"line":784,"column":16}},{"start":{"line":784,"column":16},"end":{"line":784,"column":16}}]},"85":{"line":789,"type":"if","locations":[{"start":{"line":789,"column":8},"end":{"line":789,"column":8}},{"start":{"line":789,"column":8},"end":{"line":789,"column":8}}]},"86":{"line":791,"type":"if","locations":[{"start":{"line":791,"column":12},"end":{"line":791,"column":12}},{"start":{"line":791,"column":12},"end":{"line":791,"column":12}}]},"87":{"line":798,"type":"if","locations":[{"start":{"line":798,"column":8},"end":{"line":798,"column":8}},{"start":{"line":798,"column":8},"end":{"line":798,"column":8}}]},"88":{"line":805,"type":"if","locations":[{"start":{"line":805,"column":8},"end":{"line":805,"column":8}},{"start":{"line":805,"column":8},"end":{"line":805,"column":8}}]},"89":{"line":808,"type":"if","locations":[{"start":{"line":808,"column":8},"end":{"line":808,"column":8}},{"start":{"line":808,"column":8},"end":{"line":808,"column":8}}]},"90":{"line":824,"type":"if","locations":[{"start":{"line":824,"column":8},"end":{"line":824,"column":8}},{"start":{"line":824,"column":8},"end":{"line":824,"column":8}}]},"91":{"line":842,"type":"if","locations":[{"start":{"line":842,"column":8},"end":{"line":842,"column":8}},{"start":{"line":842,"column":8},"end":{"line":842,"column":8}}]},"92":{"line":843,"type":"if","locations":[{"start":{"line":843,"column":8},"end":{"line":843,"column":8}},{"start":{"line":843,"column":8},"end":{"line":843,"column":8}}]},"93":{"line":844,"type":"if","locations":[{"start":{"line":844,"column":12},"end":{"line":844,"column":12}},{"start":{"line":844,"column":12},"end":{"line":844,"column":12}}]}}},"contracts/TestERC20.sol":{"l":{"16":0},"path":"/Users/showmac/Desktop/personal/liyanyan/MetaNodeStake/MetaNodeStake/stake-contract/contracts/TestERC20.sol","s":{"1":0},"b":{},"f":{"1":0},"fnMap":{"1":{"name":"constructor","line":15,"loc":{"start":{"line":11,"column":4},"end":{"line":17,"column":4}}}},"statementMap":{"1":{"start":{"line":16,"column":8},"end":{"line":16,"column":39}}},"branchMap":{}}}